#
# A fatal error has been detected by the Java Runtime Environment:
#
#  SIGSEGV (0xb) at pc=0x00007f28490d768c, pid=11700, tid=11702
#
# JRE version: Java(TM) SE Runtime Environment (11.0.1+13) (build 11.0.1+13-LTS)
# Java VM: Java HotSpot(TM) 64-Bit Server VM (11.0.1+13-LTS, mixed mode, tiered, compressed oops, g1 gc, linux-amd64)
# Problematic frame:
# V  [libjvm.so+0xd2d68c]  SignatureIterator::iterate_parameters()+0x1c
#
# No core dump will be written. Core dumps have been disabled. To enable core dumping, try "ulimit -c unlimited" before starting Java again
#
# If you would like to submit a bug report, please visit:
#   http://bugreport.java.com/bugreport/crash.jsp
#

---------------  S U M M A R Y ------------

Command Line: -agentlib:jdwp=transport=dt_socket,suspend=y,address=localhost:35605 -ea -javaagent:/home/kureryut/.eclipse/org.eclipse.platform_4.10.0_133206171_linux_gtk_x86_64/configuration/org.eclipse.osgi/216/0/.cp/lib/javaagent-shaded.jar -Dfile.encoding=UTF-8 org.eclipse.jdt.internal.junit.runner.RemoteTestRunner -version 3 -port 42919 -testLoaderClass org.eclipse.jdt.internal.junit5.runner.JUnit5TestLoader -loaderpluginname org.eclipse.jdt.junit5.runtime -classNames SkipListTests

Host: Intel(R) Core(TM) i5-6600 CPU @ 3.30GHz, 4 cores, 7G, Debian GNU/Linux 9 (stretch)
Time: Thu Apr 25 19:36:23 2019 CDT elapsed time: 1928 seconds (0d 0h 32m 8s)

---------------  T H R E A D  ---------------

Current thread (0x00007f2844014800):  JavaThread "main" [_thread_in_vm, id=11702, stack(0x00007f284a563000,0x00007f284a664000)]

Stack: [0x00007f284a563000,0x00007f284a664000],  sp=0x00007f284a660e50,  free space=1015k
Native frames: (J=compiled Java code, A=aot compiled Java code, j=interpreted, Vv=VM code, C=native code)
V  [libjvm.so+0xd2d68c]  SignatureIterator::iterate_parameters()+0x1c
V  [libjvm.so+0x789e43]  frame::interpreter_callee_receiver_addr(Symbol*)+0x43
V  [libjvm.so+0x8a93a3]  InterpreterRuntime::resolve_invoke(JavaThread*, Bytecodes::Code)+0x1c3
V  [libjvm.so+0x8aa3bd]  InterpreterRuntime::resolve_from_cache(JavaThread*, Bytecodes::Code)+0x16d
j  SkipList.set(Ljava/lang/Object;Ljava/lang/Object;)Ljava/lang/Object;+380
j  SkipListTests.set(Ljava/lang/Integer;)V+40
j  SkipListTests.testOrdered()V+25
v  ~StubRoutines::call_stub
V  [libjvm.so+0x8b2e89]  JavaCalls::call_helper(JavaValue*, methodHandle const&, JavaCallArguments*, Thread*)+0x3b9
V  [libjvm.so+0xcd6d26]  invoke(InstanceKlass*, methodHandle const&, Handle, bool, objArrayHandle, BasicType, objArrayHandle, bool, Thread*) [clone .constprop.80]+0x416
V  [libjvm.so+0xcd9022]  Reflection::invoke_method(oopDesc*, Handle, objArrayHandle, Thread*)+0x102
V  [libjvm.so+0x962681]  JVM_InvokeMethod+0x111
j  jdk.internal.reflect.NativeMethodAccessorImpl.invoke0(Ljava/lang/reflect/Method;Ljava/lang/Object;[Ljava/lang/Object;)Ljava/lang/Object;+0 java.base@11.0.1
j  jdk.internal.reflect.NativeMethodAccessorImpl.invoke(Ljava/lang/Object;[Ljava/lang/Object;)Ljava/lang/Object;+100 java.base@11.0.1
j  jdk.internal.reflect.DelegatingMethodAccessorImpl.invoke(Ljava/lang/Object;[Ljava/lang/Object;)Ljava/lang/Object;+6 java.base@11.0.1
j  java.lang.reflect.Method.invoke(Ljava/lang/Object;[Ljava/lang/Object;)Ljava/lang/Object;+59 java.base@11.0.1
j  org.junit.runners.model.FrameworkMethod$1.runReflectiveCall()Ljava/lang/Object;+15
j  org.junit.internal.runners.model.ReflectiveCallable.run()Ljava/lang/Object;+1
j  org.junit.runners.model.FrameworkMethod.invokeExplosively(Ljava/lang/Object;[Ljava/lang/Object;)Ljava/lang/Object;+10
j  org.junit.internal.runners.statements.InvokeMethod.evaluate()V+12
j  org.junit.runners.ParentRunner.runLeaf(Lorg/junit/runners/model/Statement;Lorg/junit/runner/Description;Lorg/junit/runner/notification/RunNotifier;)V+17
j  org.junit.runners.BlockJUnit4ClassRunner.runChild(Lorg/junit/runners/model/FrameworkMethod;Lorg/junit/runner/notification/RunNotifier;)V+30
j  org.junit.runners.BlockJUnit4ClassRunner.runChild(Ljava/lang/Object;Lorg/junit/runner/notification/RunNotifier;)V+6
j  org.junit.runners.ParentRunner$3.run()V+12
j  org.junit.runners.ParentRunner$1.schedule(Ljava/lang/Runnable;)V+1
j  org.junit.runners.ParentRunner.runChildren(Lorg/junit/runner/notification/RunNotifier;)V+44
j  org.junit.runners.ParentRunner.access$000(Lorg/junit/runners/ParentRunner;Lorg/junit/runner/notification/RunNotifier;)V+2
j  org.junit.runners.ParentRunner$2.evaluate()V+8
j  org.junit.runners.ParentRunner.run(Lorg/junit/runner/notification/RunNotifier;)V+20
j  org.junit.runner.JUnitCore.run(Lorg/junit/runner/Runner;)Lorg/junit/runner/Result;+37
j  org.junit.runner.JUnitCore.run(Lorg/junit/runner/Request;)Lorg/junit/runner/Result;+5
j  org.junit.vintage.engine.execution.RunnerExecutor.execute(Lorg/junit/vintage/engine/descriptor/RunnerTestDescriptor;)V+38
j  org.junit.vintage.engine.VintageTestEngine$$Lambda$217.accept(Ljava/lang/Object;)V+8
j  java.util.stream.ForEachOps$ForEachOp$OfRef.accept(Ljava/lang/Object;)V+5 java.base@11.0.1
j  java.util.stream.ReferencePipeline$3$1.accept(Ljava/lang/Object;)V+17 java.base@11.0.1
j  java.util.Iterator.forEachRemaining(Ljava/util/function/Consumer;)V+21 java.base@11.0.1
j  java.util.Spliterators$IteratorSpliterator.forEachRemaining(Ljava/util/function/Consumer;)V+52 java.base@11.0.1
j  java.util.stream.AbstractPipeline.copyInto(Ljava/util/stream/Sink;Ljava/util/Spliterator;)V+32 java.base@11.0.1
j  java.util.stream.AbstractPipeline.wrapAndCopyInto(Ljava/util/stream/Sink;Ljava/util/Spliterator;)Ljava/util/stream/Sink;+13 java.base@11.0.1
j  java.util.stream.ForEachOps$ForEachOp.evaluateSequential(Ljava/util/stream/PipelineHelper;Ljava/util/Spliterator;)Ljava/lang/Void;+3 java.base@11.0.1
j  java.util.stream.ForEachOps$ForEachOp$OfRef.evaluateSequential(Ljava/util/stream/PipelineHelper;Ljava/util/Spliterator;)Ljava/lang/Object;+3 java.base@11.0.1
j  java.util.stream.AbstractPipeline.evaluate(Ljava/util/stream/TerminalOp;)Ljava/lang/Object;+88 java.base@11.0.1
j  java.util.stream.ReferencePipeline.forEach(Ljava/util/function/Consumer;)V+6 java.base@11.0.1
j  org.junit.vintage.engine.VintageTestEngine.executeAllChildren(Lorg/junit/vintage/engine/execution/RunnerExecutor;Lorg/junit/platform/engine/TestDescriptor;)V+39
j  org.junit.vintage.engine.VintageTestEngine.execute(Lorg/junit/platform/engine/ExecutionRequest;)V+31
j  org.junit.platform.launcher.core.DefaultLauncher.execute(Lorg/junit/platform/engine/TestEngine;Lorg/junit/platform/engine/ExecutionRequest;)V+2
j  org.junit.platform.launcher.core.DefaultLauncher.lambda$execute$6(Lorg/junit/platform/launcher/core/Root;Lorg/junit/platform/engine/ConfigurationParameters;Lorg/junit/platform/launcher/TestExecutionListener;)V+85
j  org.junit.platform.launcher.core.DefaultLauncher$$Lambda$186.accept(Ljava/lang/Object;)V+16
j  org.junit.platform.launcher.core.DefaultLauncher.withInterceptedStreams(Lorg/junit/platform/engine/ConfigurationParameters;Lorg/junit/platform/launcher/core/TestExecutionListenerRegistry;Ljava/util/function/Consumer;)V+43
j  org.junit.platform.launcher.core.DefaultLauncher.execute(Lorg/junit/platform/launcher/core/Root;Lorg/junit/platform/engine/ConfigurationParameters;[Lorg/junit/platform/launcher/TestExecutionListener;)V+19
j  org.junit.platform.launcher.core.DefaultLauncher.execute(Lorg/junit/platform/launcher/LauncherDiscoveryRequest;[Lorg/junit/platform/launcher/TestExecutionListener;)V+36
j  org.eclipse.jdt.internal.junit5.runner.JUnit5TestReference.run(Lorg/eclipse/jdt/internal/junit/runner/TestExecution;)V+30
j  org.eclipse.jdt.internal.junit.runner.TestExecution.run([Lorg/eclipse/jdt/internal/junit/runner/ITestReference;)V+17
j  org.eclipse.jdt.internal.junit.runner.RemoteTestRunner.runTests([Ljava/lang/String;Ljava/lang/String;Lorg/eclipse/jdt/internal/junit/runner/TestExecution;)V+62
j  org.eclipse.jdt.internal.junit.runner.RemoteTestRunner.runTests(Lorg/eclipse/jdt/internal/junit/runner/TestExecution;)V+10
j  org.eclipse.jdt.internal.junit.runner.RemoteTestRunner.run()V+70
j  org.eclipse.jdt.internal.junit.runner.RemoteTestRunner.main([Ljava/lang/String;)V+14
v  ~StubRoutines::call_stub
V  [libjvm.so+0x8b2e89]  JavaCalls::call_helper(JavaValue*, methodHandle const&, JavaCallArguments*, Thread*)+0x3b9
V  [libjvm.so+0x92d5eb]  jni_invoke_static(JNIEnv_*, JavaValue*, _jobject*, JNICallType, _jmethodID*, JNI_ArgumentPusher*, Thread*) [clone .isra.65] [clone .constprop.193]+0x1ab
V  [libjvm.so+0x92fc44]  jni_CallStaticVoidMethod+0x164
C  [libjli.so+0x579d]  JavaMain+0xe4d

Java frames: (J=compiled Java code, j=interpreted, Vv=VM code)
j  SkipList.set(Ljava/lang/Object;Ljava/lang/Object;)Ljava/lang/Object;+380
j  SkipListTests.set(Ljava/lang/Integer;)V+40
j  SkipListTests.testOrdered()V+25
v  ~StubRoutines::call_stub
j  jdk.internal.reflect.NativeMethodAccessorImpl.invoke0(Ljava/lang/reflect/Method;Ljava/lang/Object;[Ljava/lang/Object;)Ljava/lang/Object;+0 java.base@11.0.1
j  jdk.internal.reflect.NativeMethodAccessorImpl.invoke(Ljava/lang/Object;[Ljava/lang/Object;)Ljava/lang/Object;+100 java.base@11.0.1
j  jdk.internal.reflect.DelegatingMethodAccessorImpl.invoke(Ljava/lang/Object;[Ljava/lang/Object;)Ljava/lang/Object;+6 java.base@11.0.1
j  java.lang.reflect.Method.invoke(Ljava/lang/Object;[Ljava/lang/Object;)Ljava/lang/Object;+59 java.base@11.0.1
j  org.junit.runners.model.FrameworkMethod$1.runReflectiveCall()Ljava/lang/Object;+15
j  org.junit.internal.runners.model.ReflectiveCallable.run()Ljava/lang/Object;+1
j  org.junit.runners.model.FrameworkMethod.invokeExplosively(Ljava/lang/Object;[Ljava/lang/Object;)Ljava/lang/Object;+10
j  org.junit.internal.runners.statements.InvokeMethod.evaluate()V+12
j  org.junit.runners.ParentRunner.runLeaf(Lorg/junit/runners/model/Statement;Lorg/junit/runner/Description;Lorg/junit/runner/notification/RunNotifier;)V+17
j  org.junit.runners.BlockJUnit4ClassRunner.runChild(Lorg/junit/runners/model/FrameworkMethod;Lorg/junit/runner/notification/RunNotifier;)V+30
j  org.junit.runners.BlockJUnit4ClassRunner.runChild(Ljava/lang/Object;Lorg/junit/runner/notification/RunNotifier;)V+6
j  org.junit.runners.ParentRunner$3.run()V+12
j  org.junit.runners.ParentRunner$1.schedule(Ljava/lang/Runnable;)V+1
j  org.junit.runners.ParentRunner.runChildren(Lorg/junit/runner/notification/RunNotifier;)V+44
j  org.junit.runners.ParentRunner.access$000(Lorg/junit/runners/ParentRunner;Lorg/junit/runner/notification/RunNotifier;)V+2
j  org.junit.runners.ParentRunner$2.evaluate()V+8
j  org.junit.runners.ParentRunner.run(Lorg/junit/runner/notification/RunNotifier;)V+20
j  org.junit.runner.JUnitCore.run(Lorg/junit/runner/Runner;)Lorg/junit/runner/Result;+37
j  org.junit.runner.JUnitCore.run(Lorg/junit/runner/Request;)Lorg/junit/runner/Result;+5
j  org.junit.vintage.engine.execution.RunnerExecutor.execute(Lorg/junit/vintage/engine/descriptor/RunnerTestDescriptor;)V+38
j  org.junit.vintage.engine.VintageTestEngine$$Lambda$217.accept(Ljava/lang/Object;)V+8
j  java.util.stream.ForEachOps$ForEachOp$OfRef.accept(Ljava/lang/Object;)V+5 java.base@11.0.1
j  java.util.stream.ReferencePipeline$3$1.accept(Ljava/lang/Object;)V+17 java.base@11.0.1
j  java.util.Iterator.forEachRemaining(Ljava/util/function/Consumer;)V+21 java.base@11.0.1
j  java.util.Spliterators$IteratorSpliterator.forEachRemaining(Ljava/util/function/Consumer;)V+52 java.base@11.0.1
j  java.util.stream.AbstractPipeline.copyInto(Ljava/util/stream/Sink;Ljava/util/Spliterator;)V+32 java.base@11.0.1
j  java.util.stream.AbstractPipeline.wrapAndCopyInto(Ljava/util/stream/Sink;Ljava/util/Spliterator;)Ljava/util/stream/Sink;+13 java.base@11.0.1
j  java.util.stream.ForEachOps$ForEachOp.evaluateSequential(Ljava/util/stream/PipelineHelper;Ljava/util/Spliterator;)Ljava/lang/Void;+3 java.base@11.0.1
j  java.util.stream.ForEachOps$ForEachOp$OfRef.evaluateSequential(Ljava/util/stream/PipelineHelper;Ljava/util/Spliterator;)Ljava/lang/Object;+3 java.base@11.0.1
j  java.util.stream.AbstractPipeline.evaluate(Ljava/util/stream/TerminalOp;)Ljava/lang/Object;+88 java.base@11.0.1
j  java.util.stream.ReferencePipeline.forEach(Ljava/util/function/Consumer;)V+6 java.base@11.0.1
j  org.junit.vintage.engine.VintageTestEngine.executeAllChildren(Lorg/junit/vintage/engine/execution/RunnerExecutor;Lorg/junit/platform/engine/TestDescriptor;)V+39
j  org.junit.vintage.engine.VintageTestEngine.execute(Lorg/junit/platform/engine/ExecutionRequest;)V+31
j  org.junit.platform.launcher.core.DefaultLauncher.execute(Lorg/junit/platform/engine/TestEngine;Lorg/junit/platform/engine/ExecutionRequest;)V+2
j  org.junit.platform.launcher.core.DefaultLauncher.lambda$execute$6(Lorg/junit/platform/launcher/core/Root;Lorg/junit/platform/engine/ConfigurationParameters;Lorg/junit/platform/launcher/TestExecutionListener;)V+85
j  org.junit.platform.launcher.core.DefaultLauncher$$Lambda$186.accept(Ljava/lang/Object;)V+16
j  org.junit.platform.launcher.core.DefaultLauncher.withInterceptedStreams(Lorg/junit/platform/engine/ConfigurationParameters;Lorg/junit/platform/launcher/core/TestExecutionListenerRegistry;Ljava/util/function/Consumer;)V+43
j  org.junit.platform.launcher.core.DefaultLauncher.execute(Lorg/junit/platform/launcher/core/Root;Lorg/junit/platform/engine/ConfigurationParameters;[Lorg/junit/platform/launcher/TestExecutionListener;)V+19
j  org.junit.platform.launcher.core.DefaultLauncher.execute(Lorg/junit/platform/launcher/LauncherDiscoveryRequest;[Lorg/junit/platform/launcher/TestExecutionListener;)V+36
j  org.eclipse.jdt.internal.junit5.runner.JUnit5TestReference.run(Lorg/eclipse/jdt/internal/junit/runner/TestExecution;)V+30
j  org.eclipse.jdt.internal.junit.runner.TestExecution.run([Lorg/eclipse/jdt/internal/junit/runner/ITestReference;)V+17
j  org.eclipse.jdt.internal.junit.runner.RemoteTestRunner.runTests([Ljava/lang/String;Ljava/lang/String;Lorg/eclipse/jdt/internal/junit/runner/TestExecution;)V+62
j  org.eclipse.jdt.internal.junit.runner.RemoteTestRunner.runTests(Lorg/eclipse/jdt/internal/junit/runner/TestExecution;)V+10
j  org.eclipse.jdt.internal.junit.runner.RemoteTestRunner.run()V+70
j  org.eclipse.jdt.internal.junit.runner.RemoteTestRunner.main([Ljava/lang/String;)V+14
v  ~StubRoutines::call_stub

siginfo: si_signo: 11 (SIGSEGV), si_code: 1 (SEGV_MAPERR), si_addr: 0x0000000000000006

Register to memory mapping:

RAX=0x00007f2849734fd8: <offset 0x000000000138afd8> in /usr/lib/jvm/jdk-11.0.1/lib/server/libjvm.so at 0x00007f28483aa000
RBX=0x00007f284a660e80 is pointing into the stack for thread: 0x00007f2844014800
RCX={method} {0x00007f2818aa1710} 'set' '(Ljava/lang/Object;Ljava/lang/Object;)Ljava/lang/Object;' in 'SkipList'
RDX=0x0 is NULL
RSP=0x00007f284a660e50 is pointing into the stack for thread: 0x00007f2844014800
RBP=0x00007f284a660e70 is pointing into the stack for thread: 0x00007f2844014800
RSI=0x0 is NULL
RDI=0x00007f284a660e80 is pointing into the stack for thread: 0x00007f2844014800
R8 =0x00007f282ab49000 points into unknown readable memory
R9 =0x0000000000000004 is an unknown value
R10=0x00007f28498789c0: <offset 0x00000000014ce9c0> in /usr/lib/jvm/jdk-11.0.1/lib/server/libjvm.so at 0x00007f28483aa000
R11=0x00007f282b1436e0 is at entry_point+32 in (nmethod*)0x00007f282b143490
R12=0x00007f284a660f30 is pointing into the stack for thread: 0x00007f2844014800
R13=0x00007f284a660e80 is pointing into the stack for thread: 0x00007f2844014800
R14=0x00007f2844014fa0 points into unknown readable memory
R15=0x00007f2844011520 points into unknown readable memory


Registers:
RAX=0x00007f2849734fd8, RBX=0x00007f284a660e80, RCX=0x00007f2818aa1710, RDX=0x0000000000000000
RSP=0x00007f284a660e50, RBP=0x00007f284a660e70, RSI=0x0000000000000000, RDI=0x00007f284a660e80
R8 =0x00007f282ab49000, R9 =0x0000000000000004, R10=0x00007f28498789c0, R11=0x00007f282b1436e0
R12=0x00007f284a660f30, R13=0x00007f284a660e80, R14=0x00007f2844014fa0, R15=0x00007f2844011520
RIP=0x00007f28490d768c, EFLAGS=0x0000000000010206, CSGSFS=0x002b000000000033, ERR=0x0000000000000004
  TRAPNO=0x000000000000000e

Top of Stack: (sp=0x00007f284a660e50)
0x00007f284a660e50:   00007f284a660fa0 00007f284a660e80
0x00007f284a660e60:   00007f284a660f30 00007f284a660f30
0x00007f284a660e70:   00007f284a660ec0 00007f2848b33e43
0x00007f284a660e80:   00007f2849734fd8 0000000000000000 

Instructions: (pc=0x00007f28490d768c)
0x00007f28490d766c:   00 00 00 00 55 48 89 e5 41 55 41 54 53 49 89 fd
0x00007f28490d767c:   48 83 ec 08 48 8b 57 08 48 c7 47 10 00 00 00 00
0x00007f28490d768c:   80 7a 06 28 0f 84 9a 03 00 00 48 8d 05 0b a0 72
0x00007f28490d769c:   00 48 8d 15 76 3f 25 00 48 8d 3d cd 3f 25 00 be 


---------------  P R O C E S S  ---------------

Threads class SMR info:
_java_thread_list=0x00007f27ec006d30, length=11, elements={
0x00007f2844014800, 0x00007f28441b8000, 0x00007f28441bc000, 0x00007f28441ce800,
0x00007f28441d1000, 0x00007f28441d3000, 0x00007f28441d5000, 0x00007f284426a000,
0x00007f28442f1000, 0x00007f284442f800, 0x00007f28444ea000
}

Java Threads: ( => current thread )
=>0x00007f2844014800 JavaThread "main" [_thread_in_vm, id=11702, stack(0x00007f284a563000,0x00007f284a664000)]
  0x00007f28441b8000 JavaThread "Reference Handler" daemon [_thread_blocked, id=11717, stack(0x00007f28286cd000,0x00007f28287ce000)]
  0x00007f28441bc000 JavaThread "Finalizer" daemon [_thread_blocked, id=11718, stack(0x00007f28285cc000,0x00007f28286cd000)]
  0x00007f28441ce800 JavaThread "Signal Dispatcher" daemon [_thread_blocked, id=11719, stack(0x00007f2828330000,0x00007f2828431000)]
  0x00007f28441d1000 JavaThread "C2 CompilerThread0" daemon [_thread_blocked, id=11720, stack(0x00007f282822f000,0x00007f2828330000)]
  0x00007f28441d3000 JavaThread "C1 CompilerThread0" daemon [_thread_in_native, id=11721, stack(0x00007f282812e000,0x00007f282822f000)]
  0x00007f28441d5000 JavaThread "Sweeper thread" daemon [_thread_blocked, id=11722, stack(0x00007f282802d000,0x00007f282812e000)]
  0x00007f284426a000 JavaThread "Common-Cleaner" daemon [_thread_blocked, id=11724, stack(0x00007f282012f000,0x00007f2820230000)]
  0x00007f28442f1000 JavaThread "JDWP Event Helper Thread" daemon [_thread_blocked, id=11729, stack(0x00007f2819cf9000,0x00007f2819dfa000)]
  0x00007f284442f800 JavaThread "Service Thread" daemon [_thread_blocked, id=11733, stack(0x00007f28196cf000,0x00007f28197d0000)]
  0x00007f28444ea000 JavaThread "ReaderThread" [_thread_blocked, id=11737, stack(0x00007f2818fc9000,0x00007f28190ca000)]

Other Threads:
  0x00007f28441b0000 VMThread "VM Thread" [stack: 0x00007f28287cf000,0x00007f28288cf000] [id=11715]
  0x00007f2844437000 WatcherThread [stack: 0x00007f28195cf000,0x00007f28196cf000] [id=11734]
  0x00007f284403c000 GCTaskThread "GC Thread#0" [stack: 0x00007f282a873000,0x00007f282a973000] [id=11708]
  0x00007f280c001000 GCTaskThread "GC Thread#1" [stack: 0x00007f2818e1b000,0x00007f2818f1b000] [id=11738]
  0x00007f280c002800 GCTaskThread "GC Thread#2" [stack: 0x00007f2818d1a000,0x00007f2818e1a000] [id=11739]
  0x00007f280c004800 GCTaskThread "GC Thread#3" [stack: 0x00007f2818c19000,0x00007f2818d19000] [id=11740]
  0x00007f284406d000 ConcurrentGCThread "G1 Main Marker" [stack: 0x00007f28297d7000,0x00007f28298d7000] [id=11709]
  0x00007f284406f000 ConcurrentGCThread "G1 Conc#0" [stack: 0x00007f28296d6000,0x00007f28297d6000] [id=11710]
  0x00007f28440e7000 ConcurrentGCThread "G1 Refine#0" [stack: 0x00007f28291d1000,0x00007f28292d1000] [id=11712]
  0x00007f28440e9000 ConcurrentGCThread "G1 Young RemSet Sampling" [stack: 0x00007f28290d0000,0x00007f28291d0000] [id=11713]

Threads with active compile tasks:
C1 CompilerThread01290       3       sun.nio.cs.UTF_8::updatePositions (23 bytes)

VM state:not at safepoint (normal execution)

VM Mutex/Monitor currently owned by a thread: None

Heap address: 0x0000000084600000, size: 1978 MB, Compressed Oops mode: 32-bit
Narrow klass base: 0x0000000000000000, Narrow klass shift: 3
Compressed class space size: 1073741824 Address: 0x0000000100000000

Heap:
 garbage-first heap   total 126976K, used 25571K [0x0000000084600000, 0x0000000100000000)
  region size 1024K, 26 young (26624K), 2 survivors (2048K)
 Metaspace       used 13926K, capacity 14379K, committed 14592K, reserved 1062912K
  class space    used 1390K, capacity 1533K, committed 1536K, reserved 1048576K
Heap Regions: E=young(eden), S=young(survivor), O=old, HS=humongous(starts), HC=humongous(continues), CS=collection set, F=free, A=archive, TAMS=top-at-mark-start (previous, next)
|   0|0x0000000084600000, 0x0000000084600000, 0x0000000084700000|  0%| F|  |TAMS 0x0000000084600000, 0x0000000084600000| Untracked 
|   1|0x0000000084700000, 0x0000000084700000, 0x0000000084800000|  0%| F|  |TAMS 0x0000000084700000, 0x0000000084700000| Untracked 
|   2|0x0000000084800000, 0x0000000084800000, 0x0000000084900000|  0%| F|  |TAMS 0x0000000084800000, 0x0000000084800000| Untracked 
|   3|0x0000000084900000, 0x0000000084900000, 0x0000000084a00000|  0%| F|  |TAMS 0x0000000084900000, 0x0000000084900000| Untracked 
|   4|0x0000000084a00000, 0x0000000084a00000, 0x0000000084b00000|  0%| F|  |TAMS 0x0000000084a00000, 0x0000000084a00000| Untracked 
|   5|0x0000000084b00000, 0x0000000084b00000, 0x0000000084c00000|  0%| F|  |TAMS 0x0000000084b00000, 0x0000000084b00000| Untracked 
|   6|0x0000000084c00000, 0x0000000084c00000, 0x0000000084d00000|  0%| F|  |TAMS 0x0000000084c00000, 0x0000000084c00000| Untracked 
|   7|0x0000000084d00000, 0x0000000084d00000, 0x0000000084e00000|  0%| F|  |TAMS 0x0000000084d00000, 0x0000000084d00000| Untracked 
|   8|0x0000000084e00000, 0x0000000084e00000, 0x0000000084f00000|  0%| F|  |TAMS 0x0000000084e00000, 0x0000000084e00000| Untracked 
|   9|0x0000000084f00000, 0x0000000084f00000, 0x0000000085000000|  0%| F|  |TAMS 0x0000000084f00000, 0x0000000084f00000| Untracked 
|  10|0x0000000085000000, 0x0000000085000000, 0x0000000085100000|  0%| F|  |TAMS 0x0000000085000000, 0x0000000085000000| Untracked 
|  11|0x0000000085100000, 0x0000000085100000, 0x0000000085200000|  0%| F|  |TAMS 0x0000000085100000, 0x0000000085100000| Untracked 
|  12|0x0000000085200000, 0x0000000085200000, 0x0000000085300000|  0%| F|  |TAMS 0x0000000085200000, 0x0000000085200000| Untracked 
|  13|0x0000000085300000, 0x0000000085300000, 0x0000000085400000|  0%| F|  |TAMS 0x0000000085300000, 0x0000000085300000| Untracked 
|  14|0x0000000085400000, 0x0000000085400000, 0x0000000085500000|  0%| F|  |TAMS 0x0000000085400000, 0x0000000085400000| Untracked 
|  15|0x0000000085500000, 0x0000000085500000, 0x0000000085600000|  0%| F|  |TAMS 0x0000000085500000, 0x0000000085500000| Untracked 
|  16|0x0000000085600000, 0x0000000085600000, 0x0000000085700000|  0%| F|  |TAMS 0x0000000085600000, 0x0000000085600000| Untracked 
|  17|0x0000000085700000, 0x0000000085700000, 0x0000000085800000|  0%| F|  |TAMS 0x0000000085700000, 0x0000000085700000| Untracked 
|  18|0x0000000085800000, 0x0000000085800000, 0x0000000085900000|  0%| F|  |TAMS 0x0000000085800000, 0x0000000085800000| Untracked 
|  19|0x0000000085900000, 0x0000000085900000, 0x0000000085a00000|  0%| F|  |TAMS 0x0000000085900000, 0x0000000085900000| Untracked 
|  20|0x0000000085a00000, 0x0000000085a00000, 0x0000000085b00000|  0%| F|  |TAMS 0x0000000085a00000, 0x0000000085a00000| Untracked 
|  21|0x0000000085b00000, 0x0000000085b00000, 0x0000000085c00000|  0%| F|  |TAMS 0x0000000085b00000, 0x0000000085b00000| Untracked 
|  22|0x0000000085c00000, 0x0000000085c00000, 0x0000000085d00000|  0%| F|  |TAMS 0x0000000085c00000, 0x0000000085c00000| Untracked 
|  23|0x0000000085d00000, 0x0000000085d00000, 0x0000000085e00000|  0%| F|  |TAMS 0x0000000085d00000, 0x0000000085d00000| Untracked 
|  24|0x0000000085e00000, 0x0000000085e00000, 0x0000000085f00000|  0%| F|  |TAMS 0x0000000085e00000, 0x0000000085e00000| Untracked 
|  25|0x0000000085f00000, 0x0000000085f00000, 0x0000000086000000|  0%| F|  |TAMS 0x0000000085f00000, 0x0000000085f00000| Untracked 
|  26|0x0000000086000000, 0x0000000086000000, 0x0000000086100000|  0%| F|  |TAMS 0x0000000086000000, 0x0000000086000000| Untracked 
|  27|0x0000000086100000, 0x0000000086100000, 0x0000000086200000|  0%| F|  |TAMS 0x0000000086100000, 0x0000000086100000| Untracked 
|  28|0x0000000086200000, 0x0000000086200000, 0x0000000086300000|  0%| F|  |TAMS 0x0000000086200000, 0x0000000086200000| Untracked 
|  29|0x0000000086300000, 0x0000000086300000, 0x0000000086400000|  0%| F|  |TAMS 0x0000000086300000, 0x0000000086300000| Untracked 
|  30|0x0000000086400000, 0x0000000086400000, 0x0000000086500000|  0%| F|  |TAMS 0x0000000086400000, 0x0000000086400000| Untracked 
|  31|0x0000000086500000, 0x0000000086500000, 0x0000000086600000|  0%| F|  |TAMS 0x0000000086500000, 0x0000000086500000| Untracked 
|  32|0x0000000086600000, 0x0000000086600000, 0x0000000086700000|  0%| F|  |TAMS 0x0000000086600000, 0x0000000086600000| Untracked 
|  33|0x0000000086700000, 0x0000000086700000, 0x0000000086800000|  0%| F|  |TAMS 0x0000000086700000, 0x0000000086700000| Untracked 
|  34|0x0000000086800000, 0x0000000086800000, 0x0000000086900000|  0%| F|  |TAMS 0x0000000086800000, 0x0000000086800000| Untracked 
|  35|0x0000000086900000, 0x0000000086900000, 0x0000000086a00000|  0%| F|  |TAMS 0x0000000086900000, 0x0000000086900000| Untracked 
|  36|0x0000000086a00000, 0x0000000086a00000, 0x0000000086b00000|  0%| F|  |TAMS 0x0000000086a00000, 0x0000000086a00000| Untracked 
|  37|0x0000000086b00000, 0x0000000086b00000, 0x0000000086c00000|  0%| F|  |TAMS 0x0000000086b00000, 0x0000000086b00000| Untracked 
|  38|0x0000000086c00000, 0x0000000086c00000, 0x0000000086d00000|  0%| F|  |TAMS 0x0000000086c00000, 0x0000000086c00000| Untracked 
|  39|0x0000000086d00000, 0x0000000086d00000, 0x0000000086e00000|  0%| F|  |TAMS 0x0000000086d00000, 0x0000000086d00000| Untracked 
|  40|0x0000000086e00000, 0x0000000086e00000, 0x0000000086f00000|  0%| F|  |TAMS 0x0000000086e00000, 0x0000000086e00000| Untracked 
|  41|0x0000000086f00000, 0x0000000086f00000, 0x0000000087000000|  0%| F|  |TAMS 0x0000000086f00000, 0x0000000086f00000| Untracked 
|  42|0x0000000087000000, 0x0000000087000000, 0x0000000087100000|  0%| F|  |TAMS 0x0000000087000000, 0x0000000087000000| Untracked 
|  43|0x0000000087100000, 0x0000000087100000, 0x0000000087200000|  0%| F|  |TAMS 0x0000000087100000, 0x0000000087100000| Untracked 
|  44|0x0000000087200000, 0x0000000087200000, 0x0000000087300000|  0%| F|  |TAMS 0x0000000087200000, 0x0000000087200000| Untracked 
|  45|0x0000000087300000, 0x0000000087300000, 0x0000000087400000|  0%| F|  |TAMS 0x0000000087300000, 0x0000000087300000| Untracked 
|  46|0x0000000087400000, 0x0000000087400000, 0x0000000087500000|  0%| F|  |TAMS 0x0000000087400000, 0x0000000087400000| Untracked 
|  47|0x0000000087500000, 0x0000000087500000, 0x0000000087600000|  0%| F|  |TAMS 0x0000000087500000, 0x0000000087500000| Untracked 
|  48|0x0000000087600000, 0x0000000087600000, 0x0000000087700000|  0%| F|  |TAMS 0x0000000087600000, 0x0000000087600000| Untracked 
|  49|0x0000000087700000, 0x0000000087700000, 0x0000000087800000|  0%| F|  |TAMS 0x0000000087700000, 0x0000000087700000| Untracked 
|  50|0x0000000087800000, 0x0000000087800000, 0x0000000087900000|  0%| F|  |TAMS 0x0000000087800000, 0x0000000087800000| Untracked 
|  51|0x0000000087900000, 0x0000000087900000, 0x0000000087a00000|  0%| F|  |TAMS 0x0000000087900000, 0x0000000087900000| Untracked 
|  52|0x0000000087a00000, 0x0000000087a00000, 0x0000000087b00000|  0%| F|  |TAMS 0x0000000087a00000, 0x0000000087a00000| Untracked 
|  53|0x0000000087b00000, 0x0000000087b00000, 0x0000000087c00000|  0%| F|  |TAMS 0x0000000087b00000, 0x0000000087b00000| Untracked 
|  54|0x0000000087c00000, 0x0000000087c00000, 0x0000000087d00000|  0%| F|  |TAMS 0x0000000087c00000, 0x0000000087c00000| Untracked 
|  55|0x0000000087d00000, 0x0000000087d00000, 0x0000000087e00000|  0%| F|  |TAMS 0x0000000087d00000, 0x0000000087d00000| Untracked 
|  56|0x0000000087e00000, 0x0000000087e00000, 0x0000000087f00000|  0%| F|  |TAMS 0x0000000087e00000, 0x0000000087e00000| Untracked 
|  57|0x0000000087f00000, 0x0000000087f00000, 0x0000000088000000|  0%| F|  |TAMS 0x0000000087f00000, 0x0000000087f00000| Untracked 
|  58|0x0000000088000000, 0x0000000088000000, 0x0000000088100000|  0%| F|  |TAMS 0x0000000088000000, 0x0000000088000000| Untracked 
|  59|0x0000000088100000, 0x0000000088100000, 0x0000000088200000|  0%| F|  |TAMS 0x0000000088100000, 0x0000000088100000| Untracked 
|  60|0x0000000088200000, 0x0000000088200000, 0x0000000088300000|  0%| F|  |TAMS 0x0000000088200000, 0x0000000088200000| Untracked 
|  61|0x0000000088300000, 0x0000000088300000, 0x0000000088400000|  0%| F|  |TAMS 0x0000000088300000, 0x0000000088300000| Untracked 
|  62|0x0000000088400000, 0x0000000088400000, 0x0000000088500000|  0%| F|  |TAMS 0x0000000088400000, 0x0000000088400000| Untracked 
|  63|0x0000000088500000, 0x0000000088500000, 0x0000000088600000|  0%| F|  |TAMS 0x0000000088500000, 0x0000000088500000| Untracked 
|  64|0x0000000088600000, 0x0000000088600000, 0x0000000088700000|  0%| F|  |TAMS 0x0000000088600000, 0x0000000088600000| Untracked 
|  65|0x0000000088700000, 0x0000000088700000, 0x0000000088800000|  0%| F|  |TAMS 0x0000000088700000, 0x0000000088700000| Untracked 
|  66|0x0000000088800000, 0x0000000088800000, 0x0000000088900000|  0%| F|  |TAMS 0x0000000088800000, 0x0000000088800000| Untracked 
|  67|0x0000000088900000, 0x0000000088900000, 0x0000000088a00000|  0%| F|  |TAMS 0x0000000088900000, 0x0000000088900000| Untracked 
|  68|0x0000000088a00000, 0x0000000088a00000, 0x0000000088b00000|  0%| F|  |TAMS 0x0000000088a00000, 0x0000000088a00000| Untracked 
|  69|0x0000000088b00000, 0x0000000088b00000, 0x0000000088c00000|  0%| F|  |TAMS 0x0000000088b00000, 0x0000000088b00000| Untracked 
|  70|0x0000000088c00000, 0x0000000088c00000, 0x0000000088d00000|  0%| F|  |TAMS 0x0000000088c00000, 0x0000000088c00000| Untracked 
|  71|0x0000000088d00000, 0x0000000088d00000, 0x0000000088e00000|  0%| F|  |TAMS 0x0000000088d00000, 0x0000000088d00000| Untracked 
|  72|0x0000000088e00000, 0x0000000088e00000, 0x0000000088f00000|  0%| F|  |TAMS 0x0000000088e00000, 0x0000000088e00000| Untracked 
|  73|0x0000000088f00000, 0x0000000088f00000, 0x0000000089000000|  0%| F|  |TAMS 0x0000000088f00000, 0x0000000088f00000| Untracked 
|  74|0x0000000089000000, 0x0000000089000000, 0x0000000089100000|  0%| F|  |TAMS 0x0000000089000000, 0x0000000089000000| Untracked 
|  75|0x0000000089100000, 0x0000000089100000, 0x0000000089200000|  0%| F|  |TAMS 0x0000000089100000, 0x0000000089100000| Untracked 
|  76|0x0000000089200000, 0x0000000089200000, 0x0000000089300000|  0%| F|  |TAMS 0x0000000089200000, 0x0000000089200000| Untracked 
|  77|0x0000000089300000, 0x0000000089300000, 0x0000000089400000|  0%| F|  |TAMS 0x0000000089300000, 0x0000000089300000| Untracked 
|  78|0x0000000089400000, 0x0000000089400000, 0x0000000089500000|  0%| F|  |TAMS 0x0000000089400000, 0x0000000089400000| Untracked 
|  79|0x0000000089500000, 0x0000000089500000, 0x0000000089600000|  0%| F|  |TAMS 0x0000000089500000, 0x0000000089500000| Untracked 
|  80|0x0000000089600000, 0x0000000089600000, 0x0000000089700000|  0%| F|  |TAMS 0x0000000089600000, 0x0000000089600000| Untracked 
|  81|0x0000000089700000, 0x0000000089700000, 0x0000000089800000|  0%| F|  |TAMS 0x0000000089700000, 0x0000000089700000| Untracked 
|  82|0x0000000089800000, 0x0000000089800000, 0x0000000089900000|  0%| F|  |TAMS 0x0000000089800000, 0x0000000089800000| Untracked 
|  83|0x0000000089900000, 0x0000000089900000, 0x0000000089a00000|  0%| F|  |TAMS 0x0000000089900000, 0x0000000089900000| Untracked 
|  84|0x0000000089a00000, 0x0000000089a00000, 0x0000000089b00000|  0%| F|  |TAMS 0x0000000089a00000, 0x0000000089a00000| Untracked 
|  85|0x0000000089b00000, 0x0000000089b00000, 0x0000000089c00000|  0%| F|  |TAMS 0x0000000089b00000, 0x0000000089b00000| Untracked 
|  86|0x0000000089c00000, 0x0000000089c00000, 0x0000000089d00000|  0%| F|  |TAMS 0x0000000089c00000, 0x0000000089c00000| Untracked 
|  87|0x0000000089d00000, 0x0000000089d00000, 0x0000000089e00000|  0%| F|  |TAMS 0x0000000089d00000, 0x0000000089d00000| Untracked 
|  88|0x0000000089e00000, 0x0000000089e00000, 0x0000000089f00000|  0%| F|  |TAMS 0x0000000089e00000, 0x0000000089e00000| Untracked 
|  89|0x0000000089f00000, 0x0000000089f00000, 0x000000008a000000|  0%| F|  |TAMS 0x0000000089f00000, 0x0000000089f00000| Untracked 
|  90|0x000000008a000000, 0x000000008a000000, 0x000000008a100000|  0%| F|  |TAMS 0x000000008a000000, 0x000000008a000000| Untracked 
|  91|0x000000008a100000, 0x000000008a100000, 0x000000008a200000|  0%| F|  |TAMS 0x000000008a100000, 0x000000008a100000| Untracked 
|  92|0x000000008a200000, 0x000000008a200000, 0x000000008a300000|  0%| F|  |TAMS 0x000000008a200000, 0x000000008a200000| Untracked 
|  93|0x000000008a300000, 0x000000008a300000, 0x000000008a400000|  0%| F|  |TAMS 0x000000008a300000, 0x000000008a300000| Untracked 
|  94|0x000000008a400000, 0x000000008a400000, 0x000000008a500000|  0%| F|  |TAMS 0x000000008a400000, 0x000000008a400000| Untracked 
|  95|0x000000008a500000, 0x000000008a500000, 0x000000008a600000|  0%| F|  |TAMS 0x000000008a500000, 0x000000008a500000| Untracked 
|  96|0x000000008a600000, 0x000000008a600000, 0x000000008a700000|  0%| F|  |TAMS 0x000000008a600000, 0x000000008a600000| Untracked 
|  97|0x000000008a700000, 0x000000008a700000, 0x000000008a800000|  0%| F|  |TAMS 0x000000008a700000, 0x000000008a700000| Untracked 
|  98|0x000000008a800000, 0x000000008a900000, 0x000000008a900000|100%| E|  |TAMS 0x000000008a800000, 0x000000008a800000| Complete 
|  99|0x000000008a900000, 0x000000008aa00000, 0x000000008aa00000|100%| E|CS|TAMS 0x000000008a900000, 0x000000008a900000| Complete 
| 100|0x000000008aa00000, 0x000000008ab00000, 0x000000008ab00000|100%| E|CS|TAMS 0x000000008aa00000, 0x000000008aa00000| Complete 
| 101|0x000000008ab00000, 0x000000008ac00000, 0x000000008ac00000|100%| E|CS|TAMS 0x000000008ab00000, 0x000000008ab00000| Complete 
| 102|0x000000008ac00000, 0x000000008ad00000, 0x000000008ad00000|100%| E|CS|TAMS 0x000000008ac00000, 0x000000008ac00000| Complete 
| 103|0x000000008ad00000, 0x000000008ae00000, 0x000000008ae00000|100%| E|CS|TAMS 0x000000008ad00000, 0x000000008ad00000| Complete 
| 104|0x000000008ae00000, 0x000000008af00000, 0x000000008af00000|100%| E|CS|TAMS 0x000000008ae00000, 0x000000008ae00000| Complete 
| 105|0x000000008af00000, 0x000000008b000000, 0x000000008b000000|100%| E|CS|TAMS 0x000000008af00000, 0x000000008af00000| Complete 
| 106|0x000000008b000000, 0x000000008b100000, 0x000000008b100000|100%| E|CS|TAMS 0x000000008b000000, 0x000000008b000000| Complete 
| 107|0x000000008b100000, 0x000000008b200000, 0x000000008b200000|100%| E|CS|TAMS 0x000000008b100000, 0x000000008b100000| Complete 
| 108|0x000000008b200000, 0x000000008b2f8e30, 0x000000008b300000| 97%| S|CS|TAMS 0x000000008b200000, 0x000000008b200000| Complete 
| 109|0x000000008b300000, 0x000000008b400000, 0x000000008b400000|100%| S|CS|TAMS 0x000000008b300000, 0x000000008b300000| Complete 
| 110|0x000000008b400000, 0x000000008b500000, 0x000000008b500000|100%| E|CS|TAMS 0x000000008b400000, 0x000000008b400000| Complete 
| 111|0x000000008b500000, 0x000000008b600000, 0x000000008b600000|100%| E|CS|TAMS 0x000000008b500000, 0x000000008b500000| Complete 
| 112|0x000000008b600000, 0x000000008b700000, 0x000000008b700000|100%| E|CS|TAMS 0x000000008b600000, 0x000000008b600000| Complete 
| 113|0x000000008b700000, 0x000000008b800000, 0x000000008b800000|100%| E|CS|TAMS 0x000000008b700000, 0x000000008b700000| Complete 
| 114|0x000000008b800000, 0x000000008b900000, 0x000000008b900000|100%| E|CS|TAMS 0x000000008b800000, 0x000000008b800000| Complete 
| 115|0x000000008b900000, 0x000000008ba00000, 0x000000008ba00000|100%| E|CS|TAMS 0x000000008b900000, 0x000000008b900000| Complete 
| 116|0x000000008ba00000, 0x000000008bb00000, 0x000000008bb00000|100%| E|CS|TAMS 0x000000008ba00000, 0x000000008ba00000| Complete 
| 117|0x000000008bb00000, 0x000000008bc00000, 0x000000008bc00000|100%| E|CS|TAMS 0x000000008bb00000, 0x000000008bb00000| Complete 
| 118|0x000000008bc00000, 0x000000008bd00000, 0x000000008bd00000|100%| E|CS|TAMS 0x000000008bc00000, 0x000000008bc00000| Complete 
| 119|0x000000008bd00000, 0x000000008be00000, 0x000000008be00000|100%| E|CS|TAMS 0x000000008bd00000, 0x000000008bd00000| Complete 
| 120|0x000000008be00000, 0x000000008bf00000, 0x000000008bf00000|100%| E|CS|TAMS 0x000000008be00000, 0x000000008be00000| Complete 
| 121|0x000000008bf00000, 0x000000008c000000, 0x000000008c000000|100%| E|CS|TAMS 0x000000008bf00000, 0x000000008bf00000| Complete 
| 122|0x000000008c000000, 0x000000008c100000, 0x000000008c100000|100%| E|CS|TAMS 0x000000008c000000, 0x000000008c000000| Complete 
| 123|0x000000008c100000, 0x000000008c200000, 0x000000008c200000|100%| E|CS|TAMS 0x000000008c100000, 0x000000008c100000| Complete 

Card table byte_map: [0x00007f2829cb4000,0x00007f282a091000] _byte_map_base: 0x00007f2829891000

Marking Bits (Prev, Next): (CMBitMap*) 0x00007f2844064968, (CMBitMap*) 0x00007f28440649a0
 Prev Bits: [0x00007f2822118000, 0x00007f2824000000)
 Next Bits: [0x00007f2820230000, 0x00007f2822118000)

Polling page: 0x00007f284a695000

Metaspace:

Usage:
  Non-class:     12.54 MB capacity,    12.24 MB ( 98%) used,   270.43 KB (  2%) free+waste,    39.94 KB ( <1%) overhead. 
      Class:      1.50 MB capacity,     1.36 MB ( 91%) used,   123.44 KB (  8%) free+waste,    18.81 KB (  1%) overhead. 
       Both:     14.04 MB capacity,    13.60 MB ( 97%) used,   393.87 KB (  3%) free+waste,    58.75 KB ( <1%) overhead. 

Virtual space:
  Non-class space:       14.00 MB reserved,      12.75 MB ( 91%) committed 
      Class space:        1.00 GB reserved,       1.50 MB ( <1%) committed 
             Both:        1.01 GB reserved,      14.25 MB (  1%) committed 

Chunk freelists:
   Non-Class:  7.25 KB
       Class:  384 bytes
        Both:  7.62 KB

CodeHeap 'non-profiled nmethods': size=120032Kb used=612Kb max_used=612Kb free=119419Kb
 bounds [0x00007f2832611000, 0x00007f2832881000, 0x00007f2839b49000]
CodeHeap 'profiled nmethods': size=120032Kb used=2748Kb max_used=2748Kb free=117283Kb
 bounds [0x00007f282b0d9000, 0x00007f282b389000, 0x00007f2832611000]
CodeHeap 'non-nmethods': size=5696Kb used=1128Kb max_used=1191Kb free=4567Kb
 bounds [0x00007f282ab49000, 0x00007f282adb9000, 0x00007f282b0d9000]
 total_blobs=1936 nmethods=1291 adapters=294
 compilation: enabled
              stopped_count=0, restarted_count=0
 full_count=0

Compilation events (10 events):
Event: 1.144 Thread 0x00007f28441d3000 1268       3       jdk.internal.org.objectweb.asm.ClassWriter::<init> (117 bytes)
Event: 1.145 Thread 0x00007f28441d3000 nmethod 1268 0x00007f282b381210 code [0x00007f282b3814a0, 0x00007f282b382108]
Event: 1.150 Thread 0x00007f27f00fc800 nmethod 1231 0x00007f283268b510 code [0x00007f283268b720, 0x00007f283268c230]
Event: 1.151 Thread 0x00007f27f00fc800 1267       4       jdk.internal.org.objectweb.asm.ByteVector::putByte (39 bytes)
Event: 1.152 Thread 0x00007f27f00fc800 nmethod 1267 0x00007f283268c790 code [0x00007f283268c940, 0x00007f283268cae8]
Event: 1.152 Thread 0x00007f27f00fc800 1229       4       org.eclipse.jdt.launching.internal.org.objectweb.asm.MethodWriter::visitMethodInsn (191 bytes)
Event: 1.191 Thread 0x00007f27f00fc800 nmethod 1229 0x00007f283268cc10 code [0x00007f283268ce20, 0x00007f283268e938]
Event: 1.936 Thread 0x00007f28441d1000 nmethod 787 0x00007f283268f510 code [0x00007f283268fce0, 0x00007f283269cb08]
Event: 1873.602 Thread 0x00007f28441d1000 1269       4       org.eclipse.jdt.launching.internal.org.objectweb.asm.MethodWriter::visitLocalVariable (222 bytes)
Event: 1873.637 Thread 0x00007f28441d1000 nmethod 1269 0x00007f28326a5610 code [0x00007f28326a5900, 0x00007f28326a7ca8]

GC Heap History (2 events):
Event: 0.626 GC heap before
{Heap before GC invocations=0 (full 0):
 garbage-first heap   total 126976K, used 14336K [0x0000000084600000, 0x0000000100000000)
  region size 1024K, 14 young (14336K), 0 survivors (0K)
 Metaspace       used 10445K, capacity 10641K, committed 10752K, reserved 1058816K
  class space    used 940K, capacity 987K, committed 1024K, reserved 1048576K
}
Event: 0.634 GC heap after
{Heap after GC invocations=1 (full 0):
 garbage-first heap   total 126976K, used 2019K [0x0000000084600000, 0x0000000100000000)
  region size 1024K, 2 young (2048K), 2 survivors (2048K)
 Metaspace       used 10445K, capacity 10641K, committed 10752K, reserved 1058816K
  class space    used 940K, capacity 987K, committed 1024K, reserved 1048576K
}

Deoptimization events (7 events):
Event: 0.394 Thread 0x00007f2844014800 Uncommon trap: reason=unstable_if action=reinterpret pc=0x00007f283261d448 method=java.util.HashMap.putVal(ILjava/lang/Object;Ljava/lang/Object;ZZ)Ljava/lang/Object; @ 69 c2
Event: 0.590 Thread 0x00007f2844014800 Uncommon trap: reason=unstable_if action=reinterpret pc=0x00007f2832635afc method=java.math.BigInteger.addOne([IIII)I @ 55 c2
Event: 0.707 Thread 0x00007f2844014800 Uncommon trap: reason=unstable_if action=reinterpret pc=0x00007f283264cfc8 method=java.util.HashMap.putVal(ILjava/lang/Object;Ljava/lang/Object;ZZ)Ljava/lang/Object; @ 181 c2
Event: 0.732 Thread 0x00007f2844014800 Uncommon trap: reason=bimorphic_or_optimized_type_check action=maybe_recompile pc=0x00007f2832643b50 method=java.util.HashMap.getNode(ILjava/lang/Object;)Ljava/util/HashMap$Node; @ 126 c2
Event: 0.732 Thread 0x00007f2844014800 Uncommon trap: reason=unstable_if action=reinterpret pc=0x00007f2832643ae4 method=java.util.HashMap.getNode(ILjava/lang/Object;)Ljava/util/HashMap$Node; @ 62 c2
Event: 0.778 Thread 0x00007f2844014800 Uncommon trap: reason=unstable_if action=reinterpret pc=0x00007f2832644808 method=java.lang.String.startsWith(Ljava/lang/String;I)Z @ 14 c2
Event: 1.073 Thread 0x00007f2844014800 Uncommon trap: reason=unstable_if action=reinterpret pc=0x00007f2832678968 method=org.eclipse.jdt.launching.internal.org.objectweb.asm.ByteVector.putInt(I)Lorg/eclipse/jdt/launching/internal/org/objectweb/asm/ByteVector; @ 13 c2

Classes redefined (6 events):
Event: 1171.960 Thread 0x00007f28441b0000 redefined class name=SLNode, count=1
Event: 1171.965 Thread 0x00007f28441b0000 redefined class name=SkipList, count=1
Event: 1823.114 Thread 0x00007f28441b0000 redefined class name=SLNode, count=2
Event: 1823.118 Thread 0x00007f28441b0000 redefined class name=SkipList, count=2
Event: 1873.608 Thread 0x00007f28441b0000 redefined class name=SLNode, count=3
Event: 1873.612 Thread 0x00007f28441b0000 redefined class name=SkipList, count=3

Internal exceptions (10 events):
Event: 0.720 Thread 0x00007f2844014800 Exception <a 'java/lang/NoSuchMethodError'{0x000000008bcc73e0}: java.lang.invoke.DirectMethodHandle$Holder.invokeStaticInit(Ljava/lang/Object;Ljava/lang/Object;)I> (0x000000008bcc73e0) thrown at [/scratch/opt/mach5/mesos/work_dir/slaves/83bb4d84-382c-4ead
Event: 0.752 Thread 0x00007f2844014800 Exception <a 'java/lang/NoSuchMethodError'{0x000000008ba6dc50}: java.lang.invoke.DirectMethodHandle$Holder.invokeSpecialIFC(Ljava/lang/Object;Ljava/lang/Object;Ljava/lang/Object;Ljava/lang/Object;)Ljava/lang/Object;> (0x000000008ba6dc50) thrown at [/scrat
Event: 0.786 Thread 0x00007f2844014800 Exception <a 'java/lang/NoSuchMethodError'{0x000000008b81f498}: java.lang.invoke.DirectMethodHandle$Holder.invokeVirtual(Ljava/lang/Object;Ljava/lang/Object;Ljava/lang/Object;)I> (0x000000008b81f498) thrown at [/scratch/opt/mach5/mesos/work_dir/slaves/83b
Event: 0.789 Thread 0x00007f2844014800 Exception <a 'java/lang/NoSuchMethodError'{0x000000008b840cb0}: java.lang.invoke.DirectMethodHandle$Holder.invokeInterface(Ljava/lang/Object;Ljava/lang/Object;)V> (0x000000008b840cb0) thrown at [/scratch/opt/mach5/mesos/work_dir/slaves/83bb4d84-382c-4ead-
Event: 0.789 Thread 0x00007f2844014800 Exception <a 'java/lang/IncompatibleClassChangeError'{0x000000008b843910}: Found class java.lang.Object, but interface was expected> (0x000000008b843910) thrown at [/scratch/opt/mach5/mesos/work_dir/slaves/83bb4d84-382c-4ead-b585-d8ef0018fefe-S6551/framew
Event: 0.792 Thread 0x00007f2844014800 Exception <a 'java/lang/NoSuchMethodError'{0x000000008b859228}: java.lang.invoke.DirectMethodHandle$Holder.invokeStatic(Ljava/lang/Object;Ljava/lang/Object;Ljava/lang/Object;Ljava/lang/Object;)V> (0x000000008b859228) thrown at [/scratch/opt/mach5/mesos/wo
Event: 0.976 Thread 0x00007f2844014800 Exception <a 'java/lang/NoSuchMethodError'{0x000000008ae2c408}: java.lang.invoke.DirectMethodHandle$Holder.invokeInterface(Ljava/lang/Object;Ljava/lang/Object;Ljava/lang/Object;Ljava/lang/Object;)V> (0x000000008ae2c408) thrown at [/scratch/opt/mach5/mesos
Event: 0.976 Thread 0x00007f2844014800 Exception <a 'java/lang/IncompatibleClassChangeError'{0x000000008ae2f1c8}: Found class java.lang.Object, but interface was expected> (0x000000008ae2f1c8) thrown at [/scratch/opt/mach5/mesos/work_dir/slaves/83bb4d84-382c-4ead-b585-d8ef0018fefe-S6551/framew
Event: 1.042 Thread 0x00007f2844014800 Exception <a 'java/lang/NoSuchMethodError'{0x000000008adc8b18}: java.lang.invoke.DirectMethodHandle$Holder.invokeSpecial(Ljava/lang/Object;Ljava/lang/Object;)V> (0x000000008adc8b18) thrown at [/scratch/opt/mach5/mesos/work_dir/slaves/83bb4d84-382c-4ead-b5
Event: 1.071 Thread 0x00007f2844014800 Exception <a 'java/lang/NoSuchMethodError'{0x000000008aca3248}: java.lang.invoke.DirectMethodHandle$Holder.invokeStatic(Ljava/lang/Object;Ljava/lang/Object;Ljava/lang/Object;Ljava/lang/Object;Ljava/lang/Object;)I> (0x000000008aca3248) thrown at [/scratch/

Events (10 events):
Event: 1873.623 Executing VM operation: GetOwnedMonitorInfo done
Event: 1873.623 Executing VM operation: GetCurrentContendedMonitor
Event: 1873.623 Executing VM operation: GetCurrentContendedMonitor done
Event: 1928.640 Executing VM operation: ChangeBreakpoints
Event: 1928.640 Executing VM operation: ChangeBreakpoints done
Event: 1928.640 Executing VM operation: ChangeBreakpoints
Event: 1928.640 Executing VM operation: ChangeBreakpoints done
Event: 1928.640 Executing VM operation: ChangeBreakpoints
Event: 1928.640 Executing VM operation: ChangeBreakpoints done
Event: 1928.640 Thread 0x00007f27ec001000 Thread exited: 0x00007f27ec001000


Dynamic libraries:
00400000-00401000 r-xp 00000000 08:03 18881480                           /usr/lib/jvm/jdk-11.0.1/bin/java
00600000-00601000 r--p 00000000 08:03 18881480                           /usr/lib/jvm/jdk-11.0.1/bin/java
00601000-00602000 rw-p 00001000 08:03 18881480                           /usr/lib/jvm/jdk-11.0.1/bin/java
01790000-017b1000 rw-p 00000000 00:00 0                                  [heap]
84600000-8c200000 rw-p 00000000 00:00 0 
8c200000-100000000 ---p 00000000 00:00 0 
100000000-100180000 rw-p 00000000 00:00 0 
100180000-140000000 ---p 00000000 00:00 0 
7f27c0000000-7f27c0021000 rw-p 00000000 00:00 0 
7f27c0021000-7f27c4000000 ---p 00000000 00:00 0 
7f27c8000000-7f27c8021000 rw-p 00000000 00:00 0 
7f27c8021000-7f27cc000000 ---p 00000000 00:00 0 
7f27cc000000-7f27cc021000 rw-p 00000000 00:00 0 
7f27cc021000-7f27d0000000 ---p 00000000 00:00 0 
7f27d0000000-7f27d0975000 rw-p 00000000 00:00 0 
7f27d0975000-7f27d4000000 ---p 00000000 00:00 0 
7f27d4000000-7f27d4021000 rw-p 00000000 00:00 0 
7f27d4021000-7f27d8000000 ---p 00000000 00:00 0 
7f27d8000000-7f27d8021000 rw-p 00000000 00:00 0 
7f27d8021000-7f27dc000000 ---p 00000000 00:00 0 
7f27dc000000-7f27dc021000 rw-p 00000000 00:00 0 
7f27dc021000-7f27e0000000 ---p 00000000 00:00 0 
7f27e0000000-7f27e0021000 rw-p 00000000 00:00 0 
7f27e0021000-7f27e4000000 ---p 00000000 00:00 0 
7f27e4000000-7f27e4021000 rw-p 00000000 00:00 0 
7f27e4021000-7f27e8000000 ---p 00000000 00:00 0 
7f27e8000000-7f27e8021000 rw-p 00000000 00:00 0 
7f27e8021000-7f27ec000000 ---p 00000000 00:00 0 
7f27ec000000-7f27ec039000 rw-p 00000000 00:00 0 
7f27ec039000-7f27f0000000 ---p 00000000 00:00 0 
7f27f0000000-7f27f0941000 rw-p 00000000 00:00 0 
7f27f0941000-7f27f4000000 ---p 00000000 00:00 0 
7f27f4000000-7f27f4021000 rw-p 00000000 00:00 0 
7f27f4021000-7f27f8000000 ---p 00000000 00:00 0 
7f27f8000000-7f27f8021000 rw-p 00000000 00:00 0 
7f27f8021000-7f27fc000000 ---p 00000000 00:00 0 
7f27fc000000-7f27fd8d6000 rw-p 00000000 00:00 0 
7f27fd8d6000-7f2800000000 ---p 00000000 00:00 0 
7f2800000000-7f2800021000 rw-p 00000000 00:00 0 
7f2800021000-7f2804000000 ---p 00000000 00:00 0 
7f2804000000-7f2804021000 rw-p 00000000 00:00 0 
7f2804021000-7f2808000000 ---p 00000000 00:00 0 
7f2808000000-7f2808021000 rw-p 00000000 00:00 0 
7f2808021000-7f280c000000 ---p 00000000 00:00 0 
7f280c000000-7f280c050000 rw-p 00000000 00:00 0 
7f280c050000-7f2810000000 ---p 00000000 00:00 0 
7f2810000000-7f2810021000 rw-p 00000000 00:00 0 
7f2810021000-7f2814000000 ---p 00000000 00:00 0 
7f2814000000-7f2814021000 rw-p 00000000 00:00 0 
7f2814021000-7f2818000000 ---p 00000000 00:00 0 
7f2818386000-7f2818446000 rw-p 00000000 00:00 0 
7f2818446000-7f2818586000 ---p 00000000 00:00 0 
7f2818a18000-7f2818c18000 rw-p 00000000 00:00 0 
7f2818c18000-7f2818c19000 ---p 00000000 00:00 0 
7f2818c19000-7f2818d19000 rw-p 00000000 00:00 0 
7f2818d19000-7f2818d1a000 ---p 00000000 00:00 0 
7f2818d1a000-7f2818e1a000 rw-p 00000000 00:00 0 
7f2818e1a000-7f2818e1b000 ---p 00000000 00:00 0 
7f2818e1b000-7f2818f1b000 rw-p 00000000 00:00 0 
7f2818fc9000-7f2818fcd000 ---p 00000000 00:00 0 
7f2818fcd000-7f28190ca000 rw-p 00000000 00:00 0 
7f28190ca000-7f28190cc000 r-xp 00000000 08:03 18488789                   /usr/lib/jvm/jdk-11.0.1/lib/libextnet.so
7f28190cc000-7f28192cb000 ---p 00002000 08:03 18488789                   /usr/lib/jvm/jdk-11.0.1/lib/libextnet.so
7f28192cb000-7f28192cc000 r--p 00001000 08:03 18488789                   /usr/lib/jvm/jdk-11.0.1/lib/libextnet.so
7f28192cc000-7f28192cd000 rw-p 00002000 08:03 18488789                   /usr/lib/jvm/jdk-11.0.1/lib/libextnet.so
7f28192cd000-7f28192d1000 ---p 00000000 00:00 0 
7f28192d1000-7f28193ce000 rw-p 00000000 00:00 0 
7f28193ce000-7f28195ce000 rw-p 00000000 00:00 0 
7f28195ce000-7f28195cf000 ---p 00000000 00:00 0 
7f28195cf000-7f28196cf000 rw-p 00000000 00:00 0 
7f28196cf000-7f28196d3000 ---p 00000000 00:00 0 
7f28196d3000-7f28197d0000 rw-p 00000000 00:00 0 
7f28197d0000-7f28197e6000 r-xp 00000000 08:03 18488776                   /usr/lib/jvm/jdk-11.0.1/lib/libnet.so
7f28197e6000-7f28199e5000 ---p 00016000 08:03 18488776                   /usr/lib/jvm/jdk-11.0.1/lib/libnet.so
7f28199e5000-7f28199e6000 r--p 00015000 08:03 18488776                   /usr/lib/jvm/jdk-11.0.1/lib/libnet.so
7f28199e6000-7f28199e7000 rw-p 00016000 08:03 18488776                   /usr/lib/jvm/jdk-11.0.1/lib/libnet.so
7f28199e7000-7f28199f7000 r-xp 00000000 08:03 18488765                   /usr/lib/jvm/jdk-11.0.1/lib/libnio.so
7f28199f7000-7f2819bf6000 ---p 00010000 08:03 18488765                   /usr/lib/jvm/jdk-11.0.1/lib/libnio.so
7f2819bf6000-7f2819bf7000 r--p 0000f000 08:03 18488765                   /usr/lib/jvm/jdk-11.0.1/lib/libnio.so
7f2819bf7000-7f2819bf8000 rw-p 00010000 08:03 18488765                   /usr/lib/jvm/jdk-11.0.1/lib/libnio.so
7f2819bf8000-7f2819bfc000 ---p 00000000 00:00 0 
7f2819bfc000-7f2819cf9000 rw-p 00000000 00:00 0 
7f2819cf9000-7f2819cfd000 ---p 00000000 00:00 0 
7f2819cfd000-7f2819dfa000 rw-p 00000000 00:00 0 
7f2819dfa000-7f2819dfe000 r-xp 00000000 08:03 18488754                   /usr/lib/jvm/jdk-11.0.1/lib/libdt_socket.so
7f2819dfe000-7f2819ffe000 ---p 00004000 08:03 18488754                   /usr/lib/jvm/jdk-11.0.1/lib/libdt_socket.so
7f2819ffe000-7f2819fff000 r--p 00004000 08:03 18488754                   /usr/lib/jvm/jdk-11.0.1/lib/libdt_socket.so
7f2819fff000-7f281a000000 rw-p 00005000 08:03 18488754                   /usr/lib/jvm/jdk-11.0.1/lib/libdt_socket.so
7f281a000000-7f281c000000 rw-p 00000000 00:00 0 
7f281c000000-7f281c021000 rw-p 00000000 00:00 0 
7f281c021000-7f2820000000 ---p 00000000 00:00 0 
7f282002e000-7f2820032000 ---p 00000000 00:00 0 
7f2820032000-7f282012f000 rw-p 00000000 00:00 0 
7f282012f000-7f2820133000 ---p 00000000 00:00 0 
7f2820133000-7f2820230000 rw-p 00000000 00:00 0 
7f2820230000-7f2820420000 rw-p 00000000 00:00 0 
7f2820420000-7f2822118000 ---p 00000000 00:00 0 
7f2822118000-7f2822308000 rw-p 00000000 00:00 0 
7f2822308000-7f2824000000 ---p 00000000 00:00 0 
7f2824000000-7f2824021000 rw-p 00000000 00:00 0 
7f2824021000-7f2828000000 ---p 00000000 00:00 0 
7f282802d000-7f2828031000 ---p 00000000 00:00 0 
7f2828031000-7f282812e000 rw-p 00000000 00:00 0 
7f282812e000-7f2828132000 ---p 00000000 00:00 0 
7f2828132000-7f282822f000 rw-p 00000000 00:00 0 
7f282822f000-7f2828233000 ---p 00000000 00:00 0 
7f2828233000-7f2828330000 rw-p 00000000 00:00 0 
7f2828330000-7f2828334000 ---p 00000000 00:00 0 
7f2828334000-7f2828431000 rw-p 00000000 00:00 0 
7f2828431000-7f28285cc000 r--p 00000000 08:03 14156905                   /usr/lib/locale/locale-archive
7f28285cc000-7f28285d0000 ---p 00000000 00:00 0 
7f28285d0000-7f28286cd000 rw-p 00000000 00:00 0 
7f28286cd000-7f28286d1000 ---p 00000000 00:00 0 
7f28286d1000-7f28287ce000 rw-p 00000000 00:00 0 
7f28287ce000-7f28287cf000 ---p 00000000 00:00 0 
7f28287cf000-7f28288cf000 rw-p 00000000 00:00 0 
7f28288cf000-7f28290cf000 rw-p 00000000 00:00 0 
7f28290cf000-7f28290d0000 ---p 00000000 00:00 0 
7f28290d0000-7f28291d0000 rw-p 00000000 00:00 0 
7f28291d0000-7f28291d1000 ---p 00000000 00:00 0 
7f28291d1000-7f28296d5000 rw-p 00000000 00:00 0 
7f28296d5000-7f28296d6000 ---p 00000000 00:00 0 
7f28296d6000-7f28297d6000 rw-p 00000000 00:00 0 
7f28297d6000-7f28297d7000 ---p 00000000 00:00 0 
7f28297d7000-7f28298d7000 rw-p 00000000 00:00 0 
7f28298d7000-7f2829915000 rw-p 00000000 00:00 0 
7f2829915000-7f2829cb4000 ---p 00000000 00:00 0 
7f2829cb4000-7f2829cf2000 rw-p 00000000 00:00 0 
7f2829cf2000-7f282a091000 ---p 00000000 00:00 0 
7f282a091000-7f282a0cf000 rw-p 00000000 00:00 0 
7f282a0cf000-7f282a46e000 ---p 00000000 00:00 0 
7f282a46e000-7f282a872000 rw-p 00000000 00:00 0 
7f282a872000-7f282a873000 ---p 00000000 00:00 0 
7f282a873000-7f282a973000 rw-p 00000000 00:00 0 
7f282a973000-7f282a978000 rw-p 00000000 00:00 0 
7f282a978000-7f282aa5e000 ---p 00000000 00:00 0 
7f282aa5e000-7f282aa64000 rw-p 00000000 00:00 0 
7f282aa64000-7f282ab49000 ---p 00000000 00:00 0 
7f282ab49000-7f282adb9000 rwxp 00000000 00:00 0 
7f282adb9000-7f282b0d9000 ---p 00000000 00:00 0 
7f282b0d9000-7f282b399000 rwxp 00000000 00:00 0 
7f282b399000-7f2832611000 ---p 00000000 00:00 0 
7f2832611000-7f2832881000 rwxp 00000000 00:00 0 
7f2832881000-7f2839b49000 ---p 00000000 00:00 0 
7f2839b49000-7f2841f04000 r--s 00000000 08:03 18488788                   /usr/lib/jvm/jdk-11.0.1/lib/modules
7f2841f04000-7f2841f1f000 r-xp 00000000 08:03 18488764                   /usr/lib/jvm/jdk-11.0.1/lib/libjimage.so
7f2841f1f000-7f284211e000 ---p 0001b000 08:03 18488764                   /usr/lib/jvm/jdk-11.0.1/lib/libjimage.so
7f284211e000-7f2842120000 r--p 0001a000 08:03 18488764                   /usr/lib/jvm/jdk-11.0.1/lib/libjimage.so
7f2842120000-7f2842121000 rw-p 0001c000 08:03 18488764                   /usr/lib/jvm/jdk-11.0.1/lib/libjimage.so
7f2842121000-7f2842128000 r-xp 00000000 08:03 18488777                   /usr/lib/jvm/jdk-11.0.1/lib/libzip.so
7f2842128000-7f2842327000 ---p 00007000 08:03 18488777                   /usr/lib/jvm/jdk-11.0.1/lib/libzip.so
7f2842327000-7f2842328000 r--p 00006000 08:03 18488777                   /usr/lib/jvm/jdk-11.0.1/lib/libzip.so
7f2842328000-7f2842329000 rw-p 00007000 08:03 18488777                   /usr/lib/jvm/jdk-11.0.1/lib/libzip.so
7f2842329000-7f2842b2e000 r--s 00000000 08:03 5505845                    /var/lib/sss/mc/passwd
7f2842b2e000-7f2842b36000 r-xp 00000000 08:03 11276131                   /lib/x86_64-linux-gnu/libnss_sss.so.2
7f2842b36000-7f2842d35000 ---p 00008000 08:03 11276131                   /lib/x86_64-linux-gnu/libnss_sss.so.2
7f2842d35000-7f2842d36000 r--p 00007000 08:03 11276131                   /lib/x86_64-linux-gnu/libnss_sss.so.2
7f2842d36000-7f2842d37000 rw-p 00008000 08:03 11276131                   /lib/x86_64-linux-gnu/libnss_sss.so.2
7f2842d37000-7f2842d41000 r-xp 00000000 08:03 11272752                   /lib/x86_64-linux-gnu/libnss_files-2.24.so
7f2842d41000-7f2842f41000 ---p 0000a000 08:03 11272752                   /lib/x86_64-linux-gnu/libnss_files-2.24.so
7f2842f41000-7f2842f42000 r--p 0000a000 08:03 11272752                   /lib/x86_64-linux-gnu/libnss_files-2.24.so
7f2842f42000-7f2842f43000 rw-p 0000b000 08:03 11272752                   /lib/x86_64-linux-gnu/libnss_files-2.24.so
7f2842f43000-7f2842f49000 rw-p 00000000 00:00 0 
7f2842f49000-7f2842f54000 r-xp 00000000 08:03 11272738                   /lib/x86_64-linux-gnu/libnss_nis-2.24.so
7f2842f54000-7f2843153000 ---p 0000b000 08:03 11272738                   /lib/x86_64-linux-gnu/libnss_nis-2.24.so
7f2843153000-7f2843154000 r--p 0000a000 08:03 11272738                   /lib/x86_64-linux-gnu/libnss_nis-2.24.so
7f2843154000-7f2843155000 rw-p 0000b000 08:03 11272738                   /lib/x86_64-linux-gnu/libnss_nis-2.24.so
7f2843155000-7f2843169000 r-xp 00000000 08:03 11272723                   /lib/x86_64-linux-gnu/libnsl-2.24.so
7f2843169000-7f2843369000 ---p 00014000 08:03 11272723                   /lib/x86_64-linux-gnu/libnsl-2.24.so
7f2843369000-7f284336a000 r--p 00014000 08:03 11272723                   /lib/x86_64-linux-gnu/libnsl-2.24.so
7f284336a000-7f284336b000 rw-p 00015000 08:03 11272723                   /lib/x86_64-linux-gnu/libnsl-2.24.so
7f284336b000-7f284336d000 rw-p 00000000 00:00 0 
7f284336d000-7f2843374000 r-xp 00000000 08:03 11272701                   /lib/x86_64-linux-gnu/libnss_compat-2.24.so
7f2843374000-7f2843573000 ---p 00007000 08:03 11272701                   /lib/x86_64-linux-gnu/libnss_compat-2.24.so
7f2843573000-7f2843574000 r--p 00006000 08:03 11272701                   /lib/x86_64-linux-gnu/libnss_compat-2.24.so
7f2843574000-7f2843575000 rw-p 00007000 08:03 11272701                   /lib/x86_64-linux-gnu/libnss_compat-2.24.so
7f2843575000-7f284357f000 r-xp 00000000 08:03 18488771                   /usr/lib/jvm/jdk-11.0.1/lib/libinstrument.so
7f284357f000-7f284377e000 ---p 0000a000 08:03 18488771                   /usr/lib/jvm/jdk-11.0.1/lib/libinstrument.so
7f284377e000-7f284377f000 r--p 00009000 08:03 18488771                   /usr/lib/jvm/jdk-11.0.1/lib/libinstrument.so
7f284377f000-7f2843780000 rw-p 0000a000 08:03 18488771                   /usr/lib/jvm/jdk-11.0.1/lib/libinstrument.so
7f2843780000-7f28437bb000 r-xp 00000000 08:03 18488773                   /usr/lib/jvm/jdk-11.0.1/lib/libjdwp.so
7f28437bb000-7f28439ba000 ---p 0003b000 08:03 18488773                   /usr/lib/jvm/jdk-11.0.1/lib/libjdwp.so
7f28439ba000-7f28439bb000 r--p 0003a000 08:03 18488773                   /usr/lib/jvm/jdk-11.0.1/lib/libjdwp.so
7f28439bb000-7f28439bc000 rw-p 0003b000 08:03 18488773                   /usr/lib/jvm/jdk-11.0.1/lib/libjdwp.so
7f28439bc000-7f28439e7000 r-xp 00000000 08:03 18488778                   /usr/lib/jvm/jdk-11.0.1/lib/libjava.so
7f28439e7000-7f2843be6000 ---p 0002b000 08:03 18488778                   /usr/lib/jvm/jdk-11.0.1/lib/libjava.so
7f2843be6000-7f2843be7000 r--p 0002a000 08:03 18488778                   /usr/lib/jvm/jdk-11.0.1/lib/libjava.so
7f2843be7000-7f2843be9000 rw-p 0002b000 08:03 18488778                   /usr/lib/jvm/jdk-11.0.1/lib/libjava.so
7f2843be9000-7f2843bf6000 r-xp 00000000 08:03 18488774                   /usr/lib/jvm/jdk-11.0.1/lib/libverify.so
7f2843bf6000-7f2843df5000 ---p 0000d000 08:03 18488774                   /usr/lib/jvm/jdk-11.0.1/lib/libverify.so
7f2843df5000-7f2843df7000 r--p 0000c000 08:03 18488774                   /usr/lib/jvm/jdk-11.0.1/lib/libverify.so
7f2843df7000-7f2843df8000 rw-p 0000e000 08:03 18488774                   /usr/lib/jvm/jdk-11.0.1/lib/libverify.so
7f2843df8000-7f2843dff000 r-xp 00000000 08:03 11272641                   /lib/x86_64-linux-gnu/librt-2.24.so
7f2843dff000-7f2843ffe000 ---p 00007000 08:03 11272641                   /lib/x86_64-linux-gnu/librt-2.24.so
7f2843ffe000-7f2843fff000 r--p 00006000 08:03 11272641                   /lib/x86_64-linux-gnu/librt-2.24.so
7f2843fff000-7f2844000000 rw-p 00007000 08:03 11272641                   /lib/x86_64-linux-gnu/librt-2.24.so
7f2844000000-7f2844b11000 rw-p 00000000 00:00 0 
7f2844b11000-7f2848000000 ---p 00000000 00:00 0 
7f2848025000-7f28480a6000 rw-p 00000000 00:00 0 
7f28480a6000-7f28481a9000 r-xp 00000000 08:03 11272767                   /lib/x86_64-linux-gnu/libm-2.24.so
7f28481a9000-7f28483a8000 ---p 00103000 08:03 11272767                   /lib/x86_64-linux-gnu/libm-2.24.so
7f28483a8000-7f28483a9000 r--p 00102000 08:03 11272767                   /lib/x86_64-linux-gnu/libm-2.24.so
7f28483a9000-7f28483aa000 rw-p 00103000 08:03 11272767                   /lib/x86_64-linux-gnu/libm-2.24.so
7f28483aa000-7f2849532000 r-xp 00000000 08:03 18488782                   /usr/lib/jvm/jdk-11.0.1/lib/server/libjvm.so
7f2849532000-7f2849732000 ---p 01188000 08:03 18488782                   /usr/lib/jvm/jdk-11.0.1/lib/server/libjvm.so
7f2849732000-7f28497fc000 r--p 01188000 08:03 18488782                   /usr/lib/jvm/jdk-11.0.1/lib/server/libjvm.so
7f28497fc000-7f2849836000 rw-p 01252000 08:03 18488782                   /usr/lib/jvm/jdk-11.0.1/lib/server/libjvm.so
7f2849836000-7f284988c000 rw-p 00000000 00:00 0 
7f284988c000-7f2849a21000 r-xp 00000000 08:03 11272788                   /lib/x86_64-linux-gnu/libc-2.24.so
7f2849a21000-7f2849c21000 ---p 00195000 08:03 11272788                   /lib/x86_64-linux-gnu/libc-2.24.so
7f2849c21000-7f2849c25000 r--p 00195000 08:03 11272788                   /lib/x86_64-linux-gnu/libc-2.24.so
7f2849c25000-7f2849c27000 rw-p 00199000 08:03 11272788                   /lib/x86_64-linux-gnu/libc-2.24.so
7f2849c27000-7f2849c2b000 rw-p 00000000 00:00 0 
7f2849c2b000-7f2849c2e000 r-xp 00000000 08:03 11272756                   /lib/x86_64-linux-gnu/libdl-2.24.so
7f2849c2e000-7f2849e2d000 ---p 00003000 08:03 11272756                   /lib/x86_64-linux-gnu/libdl-2.24.so
7f2849e2d000-7f2849e2e000 r--p 00002000 08:03 11272756                   /lib/x86_64-linux-gnu/libdl-2.24.so
7f2849e2e000-7f2849e2f000 rw-p 00003000 08:03 11272756                   /lib/x86_64-linux-gnu/libdl-2.24.so
7f2849e2f000-7f2849e3e000 r-xp 00000000 08:03 18488796                   /usr/lib/jvm/jdk-11.0.1/lib/jli/libjli.so
7f2849e3e000-7f284a03e000 ---p 0000f000 08:03 18488796                   /usr/lib/jvm/jdk-11.0.1/lib/jli/libjli.so
7f284a03e000-7f284a03f000 r--p 0000f000 08:03 18488796                   /usr/lib/jvm/jdk-11.0.1/lib/jli/libjli.so
7f284a03f000-7f284a040000 rw-p 00010000 08:03 18488796                   /usr/lib/jvm/jdk-11.0.1/lib/jli/libjli.so
7f284a040000-7f284a058000 r-xp 00000000 08:03 11272646                   /lib/x86_64-linux-gnu/libpthread-2.24.so
7f284a058000-7f284a257000 ---p 00018000 08:03 11272646                   /lib/x86_64-linux-gnu/libpthread-2.24.so
7f284a257000-7f284a258000 r--p 00017000 08:03 11272646                   /lib/x86_64-linux-gnu/libpthread-2.24.so
7f284a258000-7f284a259000 rw-p 00018000 08:03 11272646                   /lib/x86_64-linux-gnu/libpthread-2.24.so
7f284a259000-7f284a25d000 rw-p 00000000 00:00 0 
7f284a25d000-7f284a276000 r-xp 00000000 08:03 11272655                   /lib/x86_64-linux-gnu/libz.so.1.2.8
7f284a276000-7f284a475000 ---p 00019000 08:03 11272655                   /lib/x86_64-linux-gnu/libz.so.1.2.8
7f284a475000-7f284a476000 r--p 00018000 08:03 11272655                   /lib/x86_64-linux-gnu/libz.so.1.2.8
7f284a476000-7f284a477000 rw-p 00019000 08:03 11272655                   /lib/x86_64-linux-gnu/libz.so.1.2.8
7f284a477000-7f284a49a000 r-xp 00000000 08:03 11272635                   /lib/x86_64-linux-gnu/ld-2.24.so
7f284a4c6000-7f284a521000 rw-p 00000000 00:00 0 
7f284a521000-7f284a563000 rw-p 00000000 00:00 0 
7f284a563000-7f284a567000 ---p 00000000 00:00 0 
7f284a567000-7f284a666000 rw-p 00000000 00:00 0 
7f284a67a000-7f284a681000 r--s 00000000 08:03 14156408                   /usr/lib/x86_64-linux-gnu/gconv/gconv-modules.cache
7f284a681000-7f284a686000 rw-p 00000000 00:00 0 
7f284a686000-7f284a68d000 ---p 00000000 00:00 0 
7f284a68d000-7f284a695000 rw-s 00000000 00:25 662063                     /tmp/hsperfdata_kureryut/11700
7f284a695000-7f284a696000 ---p 00000000 00:00 0 
7f284a696000-7f284a697000 r--p 00000000 00:00 0 
7f284a697000-7f284a69a000 rw-p 00000000 00:00 0 
7f284a69a000-7f284a69b000 r--p 00023000 08:03 11272635                   /lib/x86_64-linux-gnu/ld-2.24.so
7f284a69b000-7f284a69c000 rw-p 00024000 08:03 11272635                   /lib/x86_64-linux-gnu/ld-2.24.so
7f284a69c000-7f284a69d000 rw-p 00000000 00:00 0 
7ffd960b4000-7ffd960d5000 rw-p 00000000 00:00 0                          [stack]
7ffd961f4000-7ffd961f6000 r--p 00000000 00:00 0                          [vvar]
7ffd961f6000-7ffd961f8000 r-xp 00000000 00:00 0                          [vdso]
ffffffffff600000-ffffffffff601000 r-xp 00000000 00:00 0                  [vsyscall]


VM Arguments:
jvm_args: -agentlib:jdwp=transport=dt_socket,suspend=y,address=localhost:35605 -ea -javaagent:/home/kureryut/.eclipse/org.eclipse.platform_4.10.0_133206171_linux_gtk_x86_64/configuration/org.eclipse.osgi/216/0/.cp/lib/javaagent-shaded.jar -Dfile.encoding=UTF-8 
java_command: org.eclipse.jdt.internal.junit.runner.RemoteTestRunner -version 3 -port 42919 -testLoaderClass org.eclipse.jdt.internal.junit5.runner.JUnit5TestLoader -loaderpluginname org.eclipse.jdt.junit5.runtime -classNames SkipListTests
java_class_path (initial): /home/kureryut/git/skip-lists-assignment-2019/bin:/opt/eclipse2018-12/eclipse/plugins/org.junit.jupiter.api_5.3.1.v20181005-1442.jar:/opt/eclipse2018-12/eclipse/plugins/org.junit.jupiter.engine_5.3.1.v20181005-1442.jar:/opt/eclipse2018-12/eclipse/plugins/org.junit.jupiter.migrationsupport_5.3.1.v20181005-1442.jar:/opt/eclipse2018-12/eclipse/plugins/org.junit.jupiter.params_5.3.1.v20181005-1442.jar:/opt/eclipse2018-12/eclipse/plugins/org.junit.platform.commons_1.3.1.v20181005-1442.jar:/opt/eclipse2018-12/eclipse/plugins/org.junit.platform.engine_1.3.1.v20181005-1442.jar:/opt/eclipse2018-12/eclipse/plugins/org.junit.platform.launcher_1.3.1.v20181005-1442.jar:/opt/eclipse2018-12/eclipse/plugins/org.junit.platform.runner_1.3.1.v20181005-1442.jar:/opt/eclipse2018-12/eclipse/plugins/org.junit.platform.suite.api_1.3.1.v20181005-1442.jar:/opt/eclipse2018-12/eclipse/plugins/org.junit.vintage.engine_5.3.1.v20181005-1442.jar:/opt/eclipse2018-12/eclipse/plugins/org.opentest4j_1.1.1.v20181005-1442.jar:/opt/eclipse2018-12/eclipse/plugins/org.apiguardian_1.0.0.v20181005-1442.jar:/opt/eclipse2018-12/eclipse/plugins/org.junit_4.12.0.v201504281640/junit.jar:/opt/eclipse2018-12/eclipse/plugins/org.hamcrest.core_1.3.0.v20180420-1519.jar:/home/kureryut/.eclipse/org.eclipse.platform_4.10.0_133206171_linux_gtk_x86_64/configuration/org.eclipse.osgi/215/0/.cp:/home/kureryut/.eclipse/org.eclipse.platform_4.10.0_133206171_linux_gtk_x86_64/configuration/org.eclipse.osgi/213/0/.cp
Launcher Type: SUN_STANDARD

[Global flags]
     intx CICompilerCount                          = 3                                         {product} {ergonomic}
     uint ConcGCThreads                            = 1                                         {product} {ergonomic}
     uint G1ConcRefinementThreads                  = 4                                         {product} {ergonomic}
   size_t G1HeapRegionSize                         = 1048576                                   {product} {ergonomic}
    uintx GCDrainStackTargetSize                   = 64                                        {product} {ergonomic}
   size_t InitialHeapSize                          = 130023424                                 {product} {ergonomic}
   size_t MarkStackSize                            = 4194304                                   {product} {ergonomic}
   size_t MaxHeapSize                              = 2074083328                                {product} {ergonomic}
   size_t MaxNewSize                               = 1243611136                                {product} {ergonomic}
   size_t MinHeapDeltaBytes                        = 1048576                                   {product} {ergonomic}
    uintx NonNMethodCodeHeapSize                   = 5830092                                {pd product} {ergonomic}
    uintx NonProfiledCodeHeapSize                  = 122914074                              {pd product} {ergonomic}
    uintx ProfiledCodeHeapSize                     = 122914074                              {pd product} {ergonomic}
    uintx ReservedCodeCacheSize                    = 251658240                              {pd product} {ergonomic}
     bool SegmentedCodeCache                       = true                                      {product} {ergonomic}
     bool UseCompressedClassPointers               = true                                 {lp64_product} {ergonomic}
     bool UseCompressedOops                        = true                                 {lp64_product} {ergonomic}
     bool UseG1GC                                  = true                                      {product} {ergonomic}

Logging:
Log output configuration:
 #0: stdout all=warning uptime,level,tags
 #1: stderr all=off uptime,level,tags

Environment Variables:
PATH=/usr/local/bin:/usr/bin:/bin:/usr/local/games:/usr/games
SHELL=/bin/bash
DISPLAY=:0.0

Signal Handlers:
SIGSEGV: [libjvm.so+0xe5ac10], sa_mask[0]=11111111011111111101111111111110, sa_flags=SA_RESTART|SA_SIGINFO
SIGBUS: [libjvm.so+0xe5ac10], sa_mask[0]=11111111011111111101111111111110, sa_flags=SA_RESTART|SA_SIGINFO
SIGFPE: [libjvm.so+0xe5ac10], sa_mask[0]=11111111011111111101111111111110, sa_flags=SA_RESTART|SA_SIGINFO
SIGPIPE: [libjvm.so+0xc30d00], sa_mask[0]=11111111011111111101111111111110, sa_flags=SA_RESTART|SA_SIGINFO
SIGXFSZ: [libjvm.so+0xc30d00], sa_mask[0]=11111111011111111101111111111110, sa_flags=SA_RESTART|SA_SIGINFO
SIGILL: [libjvm.so+0xe5ac10], sa_mask[0]=11111111011111111101111111111110, sa_flags=SA_RESTART|SA_SIGINFO
SIGUSR2: [libjvm.so+0xc30ba0], sa_mask[0]=00100000000000000000000000000000, sa_flags=SA_RESTART|SA_SIGINFO
SIGHUP: [libjvm.so+0xc30f00], sa_mask[0]=11111111011111111101111111111110, sa_flags=SA_RESTART|SA_SIGINFO
SIGINT: [libjvm.so+0xc30f00], sa_mask[0]=11111111011111111101111111111110, sa_flags=SA_RESTART|SA_SIGINFO
SIGTERM: [libjvm.so+0xc30f00], sa_mask[0]=11111111011111111101111111111110, sa_flags=SA_RESTART|SA_SIGINFO
SIGQUIT: [libjvm.so+0xc30f00], sa_mask[0]=11111111011111111101111111111110, sa_flags=SA_RESTART|SA_SIGINFO


---------------  S Y S T E M  ---------------

OS:PRETTY_NAME="Debian GNU/Linux 9 (stretch)"
NAME="Debian GNU/Linux"
VERSION_ID="9"
VERSION="9 (stretch)"
ID=debian
HOME_URL="https://www.debian.org/"
SUPPORT_URL="https://www.debian.org/support"
BUG_REPORT_URL="https://bugs.debian.org/"
uname:Linux 4.9.0-8-amd64 #1 SMP Debian 4.9.110-3+deb9u6 (2018-10-08) x86_64
libc:glibc 2.24 NPTL 2.24 
rlimit: STACK 8192k, CORE 0k, NPROC 31549, NOFILE 1048576, AS infinity, DATA infinity, FSIZE infinity
load average:0.36 0.29 0.21

/proc/meminfo:
MemTotal:        8099176 kB
MemFree:         2610108 kB
MemAvailable:    7407904 kB
Buffers:          215556 kB
Cached:          4676288 kB
SwapCached:            0 kB
Active:          2750980 kB
Inactive:        2381340 kB
Active(anon):     236756 kB
Inactive(anon):    44752 kB
Active(file):    2514224 kB
Inactive(file):  2336588 kB
Unevictable:         112 kB
Mlocked:             112 kB
SwapTotal:       8307504 kB
SwapFree:        8307504 kB
Dirty:               176 kB
Writeback:             0 kB
AnonPages:        240668 kB
Mapped:           162788 kB
Shmem:             40992 kB
Slab:             287492 kB
SReclaimable:     251180 kB
SUnreclaim:        36312 kB
KernelStack:        4196 kB
PageTables:        12860 kB
NFS_Unstable:          0 kB
Bounce:                0 kB
WritebackTmp:          0 kB
CommitLimit:    12357092 kB
Committed_AS:    1594640 kB
VmallocTotal:   34359738367 kB
VmallocUsed:           0 kB
VmallocChunk:          0 kB
HardwareCorrupted:     0 kB
AnonHugePages:         0 kB
ShmemHugePages:        0 kB
ShmemPmdMapped:        0 kB
HugePages_Total:       0
HugePages_Free:        0
HugePages_Rsvd:        0
HugePages_Surp:        0
Hugepagesize:       2048 kB
DirectMap4k:      214696 kB
DirectMap2M:     7045120 kB
DirectMap1G:     1048576 kB


/proc/sys/kernel/threads-max (system-wide limit on the number of threads):
63098


/proc/sys/vm/max_map_count (maximum number of memory map areas a process may have):
65530


/proc/sys/kernel/pid_max (system-wide limit on number of process identifiers):
32768


container (cgroup) information:
container_type: cgroupv1
cpu_cpuset_cpus: 0-3
cpu_memory_nodes: 0
active_processor_count: 4
cpu_quota: -1
cpu_period: 100000
cpu_shares: -1
memory_limit_in_bytes: -1
memory_and_swap_limit_in_bytes: -2
memory_soft_limit_in_bytes: -1
memory_usage_in_bytes: 2096226304
memory_max_usage_in_bytes: 4637192192


CPU:total 4 (initial active 4) (4 cores per cpu, 1 threads per core) family 6 model 94 stepping 3, cmov, cx8, fxsr, mmx, sse, sse2, sse3, ssse3, sse4.1, sse4.2, popcnt, avx, avx2, aes, clmul, erms, rtm, 3dnowpref, lzcnt, tsc, tscinvbit, bmi1, bmi2, adx, fma
CPU Model and flags from /proc/cpuinfo:
model name	: Intel(R) Core(TM) i5-6600 CPU @ 3.30GHz
flags		: fpu vme de pse tsc msr pae mce cx8 apic sep mtrr pge mca cmov pat pse36 clflush dts acpi mmx fxsr sse sse2 ss ht tm pbe syscall nx pdpe1gb rdtscp lm constant_tsc art arch_perfmon pebs bts rep_good nopl xtopology nonstop_tsc aperfmperf pni pclmulqdq dtes64 monitor ds_cpl vmx smx est tm2 ssse3 sdbg fma cx16 xtpr pdcm pcid sse4_1 sse4_2 x2apic movbe popcnt tsc_deadline_timer aes xsave avx f16c rdrand lahf_lm abm 3dnowprefetch epb invpcid_single kaiser tpr_shadow vnmi flexpriority ept vpid fsgsbase tsc_adjust bmi1 hle avx2 smep bmi2 erms invpcid rtm mpx rdseed adx smap clflushopt intel_pt xsaveopt xsavec xgetbv1 xsaves dtherm ida arat pln pts hwp hwp_notify hwp_act_window hwp_epp

Memory: 4k page, physical 8099176k(2610108k free), swap 8307504k(8307504k free)

vm_info: Java HotSpot(TM) 64-Bit Server VM (11.0.1+13-LTS) for linux-amd64 JRE (11.0.1+13-LTS), built on Oct  6 2018 05:13:05 by "mach5one" with gcc 7.3.0

END.
