#
# A fatal error has been detected by the Java Runtime Environment:
#
#  Internal Error (generateOopMap.cpp:2164), pid=11201, tid=11216
#  fatal error: Illegal class file encountered. Try running with -Xverify:all in method set
#
# JRE version: Java(TM) SE Runtime Environment (11.0.1+13) (build 11.0.1+13-LTS)
# Java VM: Java HotSpot(TM) 64-Bit Server VM (11.0.1+13-LTS, mixed mode, tiered, compressed oops, g1 gc, linux-amd64)
# No core dump will be written. Core dumps have been disabled. To enable core dumping, try "ulimit -c unlimited" before starting Java again
#
# If you would like to submit a bug report, please visit:
#   http://bugreport.java.com/bugreport/crash.jsp
#

---------------  S U M M A R Y ------------

Command Line: -agentlib:jdwp=transport=dt_socket,suspend=y,address=localhost:38685 -ea -javaagent:/home/kureryut/.eclipse/org.eclipse.platform_4.10.0_133206171_linux_gtk_x86_64/configuration/org.eclipse.osgi/216/0/.cp/lib/javaagent-shaded.jar -Dfile.encoding=UTF-8 org.eclipse.jdt.internal.junit.runner.RemoteTestRunner -version 3 -port 41321 -testLoaderClass org.eclipse.jdt.internal.junit5.runner.JUnit5TestLoader -loaderpluginname org.eclipse.jdt.junit5.runtime -classNames SkipListTests

Host: Intel(R) Core(TM) i5-6600 CPU @ 3.30GHz, 4 cores, 7G, Debian GNU/Linux 9 (stretch)
Time: Thu Apr 25 19:35:29 2019 CDT elapsed time: 2684 seconds (0d 0h 44m 44s)

---------------  T H R E A D  ---------------

Current thread (0x00007f0f0c1b0000):  VMThread "VM Thread" [stack: 0x00007f0ee8510000,0x00007f0ee8610000] [id=11216]

Stack: [0x00007f0ee8510000,0x00007f0ee8610000],  sp=0x00007f0ee860dde0,  free space=1015k
Native frames: (J=compiled Java code, A=aot compiled Java code, j=interpreted, Vv=VM code, C=native code)
V  [libjvm.so+0xe591d7]  VMError::report_and_die(int, char const*, char const*, __va_list_tag*, Thread*, unsigned char*, void*, void*, char const*, int, unsigned long)+0x2c7
V  [libjvm.so+0xe59dff]  VMError::report_and_die(Thread*, void*, char const*, int, char const*, char const*, __va_list_tag*)+0x2f
V  [libjvm.so+0x6cae9a]  report_fatal(char const*, int, char const*, ...)+0x10a
V  [libjvm.so+0x826a78]  GenerateOopMap::error_work(char const*, __va_list_tag*)+0xb8
V  [libjvm.so+0x826b4b]  GenerateOopMap::report_error(char const*, ...) [clone .constprop.79]+0x8b
V  [libjvm.so+0x828d07]  GenerateOopMap::ppload(CellTypeState*, int)+0xf7
V  [libjvm.so+0x829e23]  GenerateOopMap::interp1(BytecodeStream*)+0x1013
V  [libjvm.so+0x82b72c]  GenerateOopMap::interp_bb(BasicBlock*)+0x15c
V  [libjvm.so+0x82e29d]  GenerateOopMap::do_interpretation()+0xbd
V  [libjvm.so+0x82e649]  GenerateOopMap::compute_map(Thread*)+0x269
V  [libjvm.so+0xc22dfa]  OopMapCacheEntry::fill(methodHandle const&, int)+0x20a
V  [libjvm.so+0xc2337b]  OopMapCache::compute_one_oop_map(methodHandle const&, int, InterpreterOopMap*)+0x6b
V  [libjvm.so+0xbb2376]  Method::mask_for(int, InterpreterOopMap*)+0x76
V  [libjvm.so+0xa41fec]  VM_GetOrSetLocal::doit()+0x4c
V  [libjvm.so+0xe6ba48]  VM_Operation::evaluate()+0xd8
V  [libjvm.so+0xe6927f]  VMThread::evaluate_operation(VM_Operation*) [clone .constprop.54]+0xff
V  [libjvm.so+0xe6978e]  VMThread::loop()+0x3be
V  [libjvm.so+0xe69bbb]  VMThread::run()+0x7b
V  [libjvm.so+0xc3a900]  thread_native_entry(Thread*)+0xf0

VM_Operation (0x00007f0ecb9f4950): GetOrSetLocal, mode: safepoint, requested by thread 0x00007f0f0c2dc800


---------------  P R O C E S S  ---------------

Threads class SMR info:
_java_thread_list=0x00007f0e98092240, length=13, elements={
0x00007f0f0c014800, 0x00007f0f0c1b8000, 0x00007f0f0c1bc000, 0x00007f0f0c1ce800,
0x00007f0f0c1d1000, 0x00007f0f0c1d3000, 0x00007f0f0c1d5000, 0x00007f0f0c28a800,
0x00007f0f0c2dc800, 0x00007f0f0c2e0800, 0x00007f0eb4001000, 0x00007f0f0c41a800,
0x00007f0f0c4da000
}

Java Threads: ( => current thread )
  0x00007f0f0c014800 JavaThread "main" [_thread_blocked, id=11203, stack(0x00007f0f14101000,0x00007f0f14202000)]
  0x00007f0f0c1b8000 JavaThread "Reference Handler" daemon [_thread_blocked, id=11217, stack(0x00007f0ee840e000,0x00007f0ee850f000)]
  0x00007f0f0c1bc000 JavaThread "Finalizer" daemon [_thread_blocked, id=11218, stack(0x00007f0ee830d000,0x00007f0ee840e000)]
  0x00007f0f0c1ce800 JavaThread "Signal Dispatcher" daemon [_thread_blocked, id=11219, stack(0x00007f0ee8071000,0x00007f0ee8172000)]
  0x00007f0f0c1d1000 JavaThread "C2 CompilerThread0" daemon [_thread_blocked, id=11220, stack(0x00007f0ecbeff000,0x00007f0ecc000000)]
  0x00007f0f0c1d3000 JavaThread "C1 CompilerThread0" daemon [_thread_blocked, id=11221, stack(0x00007f0ecbdfe000,0x00007f0ecbeff000)]
  0x00007f0f0c1d5000 JavaThread "Sweeper thread" daemon [_thread_blocked, id=11222, stack(0x00007f0ecbcfd000,0x00007f0ecbdfe000)]
  0x00007f0f0c28a800 JavaThread "Common-Cleaner" daemon [_thread_blocked, id=11223, stack(0x00007f0ecbbfc000,0x00007f0ecbcfd000)]
  0x00007f0f0c2dc800 JavaThread "JDWP Transport Listener: dt_socket" daemon [_thread_blocked, id=11225, stack(0x00007f0ecb8f5000,0x00007f0ecb9f6000)] _threads_hazard_ptr=0x00007f0e98092240
  0x00007f0f0c2e0800 JavaThread "JDWP Event Helper Thread" daemon [_thread_blocked, id=11226, stack(0x00007f0ecb7f4000,0x00007f0ecb8f5000)]
  0x00007f0eb4001000 JavaThread "JDWP Command Reader" daemon [_thread_in_native, id=11227, stack(0x00007f0ecb6f3000,0x00007f0ecb7f4000)]
  0x00007f0f0c41a800 JavaThread "Service Thread" daemon [_thread_blocked, id=11231, stack(0x00007f0ecb1ca000,0x00007f0ecb2cb000)]
  0x00007f0f0c4da000 JavaThread "ReaderThread" [_thread_in_native, id=11234, stack(0x00007f0ecaac4000,0x00007f0ecabc5000)]

Other Threads:
=>0x00007f0f0c1b0000 VMThread "VM Thread" [stack: 0x00007f0ee8510000,0x00007f0ee8610000] [id=11216]
  0x00007f0f0c41d000 WatcherThread [stack: 0x00007f0ecb0ca000,0x00007f0ecb1ca000] [id=11232]
  0x00007f0f0c03c000 GCTaskThread "GC Thread#0" [stack: 0x00007f0f10077000,0x00007f0f10177000] [id=11209]
  0x00007f0ed8001000 GCTaskThread "GC Thread#1" [stack: 0x00007f0eca9c4000,0x00007f0ecaac4000] [id=11235]
  0x00007f0ed8002800 GCTaskThread "GC Thread#2" [stack: 0x00007f0eca8c3000,0x00007f0eca9c3000] [id=11236]
  0x00007f0ed8004000 GCTaskThread "GC Thread#3" [stack: 0x00007f0eca7c2000,0x00007f0eca8c2000] [id=11237]
  0x00007f0f0c06d000 ConcurrentGCThread "G1 Main Marker" [stack: 0x00007f0eeb599000,0x00007f0eeb699000] [id=11210]
  0x00007f0f0c06f000 ConcurrentGCThread "G1 Conc#0" [stack: 0x00007f0eeb498000,0x00007f0eeb598000] [id=11212]
  0x00007f0f0c0e7000 ConcurrentGCThread "G1 Refine#0" [stack: 0x00007f0ee8f93000,0x00007f0ee9093000] [id=11214]
  0x00007f0f0c0e9000 ConcurrentGCThread "G1 Young RemSet Sampling" [stack: 0x00007f0ee8e92000,0x00007f0ee8f92000] [id=11215]

Threads with active compile tasks:

VM state:at safepoint (normal execution)

VM Mutex/Monitor currently owned by a thread:  ([mutex/lock_event])
[0x00007f0f0c00fed0] Threads_lock - owner thread: 0x00007f0f0c1b0000

Heap address: 0x0000000084600000, size: 1978 MB, Compressed Oops mode: 32-bit
Narrow klass base: 0x0000000000000000, Narrow klass shift: 3
Compressed class space size: 1073741824 Address: 0x0000000100000000

Heap:
 garbage-first heap   total 126976K, used 25533K [0x0000000084600000, 0x0000000100000000)
  region size 1024K, 26 young (26624K), 2 survivors (2048K)
 Metaspace       used 13957K, capacity 14411K, committed 14720K, reserved 1062912K
  class space    used 1395K, capacity 1565K, committed 1664K, reserved 1048576K
Heap Regions: E=young(eden), S=young(survivor), O=old, HS=humongous(starts), HC=humongous(continues), CS=collection set, F=free, A=archive, TAMS=top-at-mark-start (previous, next)
|   0|0x0000000084600000, 0x0000000084600000, 0x0000000084700000|  0%| F|  |TAMS 0x0000000084600000, 0x0000000084600000| Untracked 
|   1|0x0000000084700000, 0x0000000084700000, 0x0000000084800000|  0%| F|  |TAMS 0x0000000084700000, 0x0000000084700000| Untracked 
|   2|0x0000000084800000, 0x0000000084800000, 0x0000000084900000|  0%| F|  |TAMS 0x0000000084800000, 0x0000000084800000| Untracked 
|   3|0x0000000084900000, 0x0000000084900000, 0x0000000084a00000|  0%| F|  |TAMS 0x0000000084900000, 0x0000000084900000| Untracked 
|   4|0x0000000084a00000, 0x0000000084a00000, 0x0000000084b00000|  0%| F|  |TAMS 0x0000000084a00000, 0x0000000084a00000| Untracked 
|   5|0x0000000084b00000, 0x0000000084b00000, 0x0000000084c00000|  0%| F|  |TAMS 0x0000000084b00000, 0x0000000084b00000| Untracked 
|   6|0x0000000084c00000, 0x0000000084c00000, 0x0000000084d00000|  0%| F|  |TAMS 0x0000000084c00000, 0x0000000084c00000| Untracked 
|   7|0x0000000084d00000, 0x0000000084d00000, 0x0000000084e00000|  0%| F|  |TAMS 0x0000000084d00000, 0x0000000084d00000| Untracked 
|   8|0x0000000084e00000, 0x0000000084e00000, 0x0000000084f00000|  0%| F|  |TAMS 0x0000000084e00000, 0x0000000084e00000| Untracked 
|   9|0x0000000084f00000, 0x0000000084f00000, 0x0000000085000000|  0%| F|  |TAMS 0x0000000084f00000, 0x0000000084f00000| Untracked 
|  10|0x0000000085000000, 0x0000000085000000, 0x0000000085100000|  0%| F|  |TAMS 0x0000000085000000, 0x0000000085000000| Untracked 
|  11|0x0000000085100000, 0x0000000085100000, 0x0000000085200000|  0%| F|  |TAMS 0x0000000085100000, 0x0000000085100000| Untracked 
|  12|0x0000000085200000, 0x0000000085200000, 0x0000000085300000|  0%| F|  |TAMS 0x0000000085200000, 0x0000000085200000| Untracked 
|  13|0x0000000085300000, 0x0000000085300000, 0x0000000085400000|  0%| F|  |TAMS 0x0000000085300000, 0x0000000085300000| Untracked 
|  14|0x0000000085400000, 0x0000000085400000, 0x0000000085500000|  0%| F|  |TAMS 0x0000000085400000, 0x0000000085400000| Untracked 
|  15|0x0000000085500000, 0x0000000085500000, 0x0000000085600000|  0%| F|  |TAMS 0x0000000085500000, 0x0000000085500000| Untracked 
|  16|0x0000000085600000, 0x0000000085600000, 0x0000000085700000|  0%| F|  |TAMS 0x0000000085600000, 0x0000000085600000| Untracked 
|  17|0x0000000085700000, 0x0000000085700000, 0x0000000085800000|  0%| F|  |TAMS 0x0000000085700000, 0x0000000085700000| Untracked 
|  18|0x0000000085800000, 0x0000000085800000, 0x0000000085900000|  0%| F|  |TAMS 0x0000000085800000, 0x0000000085800000| Untracked 
|  19|0x0000000085900000, 0x0000000085900000, 0x0000000085a00000|  0%| F|  |TAMS 0x0000000085900000, 0x0000000085900000| Untracked 
|  20|0x0000000085a00000, 0x0000000085a00000, 0x0000000085b00000|  0%| F|  |TAMS 0x0000000085a00000, 0x0000000085a00000| Untracked 
|  21|0x0000000085b00000, 0x0000000085b00000, 0x0000000085c00000|  0%| F|  |TAMS 0x0000000085b00000, 0x0000000085b00000| Untracked 
|  22|0x0000000085c00000, 0x0000000085c00000, 0x0000000085d00000|  0%| F|  |TAMS 0x0000000085c00000, 0x0000000085c00000| Untracked 
|  23|0x0000000085d00000, 0x0000000085d00000, 0x0000000085e00000|  0%| F|  |TAMS 0x0000000085d00000, 0x0000000085d00000| Untracked 
|  24|0x0000000085e00000, 0x0000000085e00000, 0x0000000085f00000|  0%| F|  |TAMS 0x0000000085e00000, 0x0000000085e00000| Untracked 
|  25|0x0000000085f00000, 0x0000000085f00000, 0x0000000086000000|  0%| F|  |TAMS 0x0000000085f00000, 0x0000000085f00000| Untracked 
|  26|0x0000000086000000, 0x0000000086000000, 0x0000000086100000|  0%| F|  |TAMS 0x0000000086000000, 0x0000000086000000| Untracked 
|  27|0x0000000086100000, 0x0000000086100000, 0x0000000086200000|  0%| F|  |TAMS 0x0000000086100000, 0x0000000086100000| Untracked 
|  28|0x0000000086200000, 0x0000000086200000, 0x0000000086300000|  0%| F|  |TAMS 0x0000000086200000, 0x0000000086200000| Untracked 
|  29|0x0000000086300000, 0x0000000086300000, 0x0000000086400000|  0%| F|  |TAMS 0x0000000086300000, 0x0000000086300000| Untracked 
|  30|0x0000000086400000, 0x0000000086400000, 0x0000000086500000|  0%| F|  |TAMS 0x0000000086400000, 0x0000000086400000| Untracked 
|  31|0x0000000086500000, 0x0000000086500000, 0x0000000086600000|  0%| F|  |TAMS 0x0000000086500000, 0x0000000086500000| Untracked 
|  32|0x0000000086600000, 0x0000000086600000, 0x0000000086700000|  0%| F|  |TAMS 0x0000000086600000, 0x0000000086600000| Untracked 
|  33|0x0000000086700000, 0x0000000086700000, 0x0000000086800000|  0%| F|  |TAMS 0x0000000086700000, 0x0000000086700000| Untracked 
|  34|0x0000000086800000, 0x0000000086800000, 0x0000000086900000|  0%| F|  |TAMS 0x0000000086800000, 0x0000000086800000| Untracked 
|  35|0x0000000086900000, 0x0000000086900000, 0x0000000086a00000|  0%| F|  |TAMS 0x0000000086900000, 0x0000000086900000| Untracked 
|  36|0x0000000086a00000, 0x0000000086a00000, 0x0000000086b00000|  0%| F|  |TAMS 0x0000000086a00000, 0x0000000086a00000| Untracked 
|  37|0x0000000086b00000, 0x0000000086b00000, 0x0000000086c00000|  0%| F|  |TAMS 0x0000000086b00000, 0x0000000086b00000| Untracked 
|  38|0x0000000086c00000, 0x0000000086c00000, 0x0000000086d00000|  0%| F|  |TAMS 0x0000000086c00000, 0x0000000086c00000| Untracked 
|  39|0x0000000086d00000, 0x0000000086d00000, 0x0000000086e00000|  0%| F|  |TAMS 0x0000000086d00000, 0x0000000086d00000| Untracked 
|  40|0x0000000086e00000, 0x0000000086e00000, 0x0000000086f00000|  0%| F|  |TAMS 0x0000000086e00000, 0x0000000086e00000| Untracked 
|  41|0x0000000086f00000, 0x0000000086f00000, 0x0000000087000000|  0%| F|  |TAMS 0x0000000086f00000, 0x0000000086f00000| Untracked 
|  42|0x0000000087000000, 0x0000000087000000, 0x0000000087100000|  0%| F|  |TAMS 0x0000000087000000, 0x0000000087000000| Untracked 
|  43|0x0000000087100000, 0x0000000087100000, 0x0000000087200000|  0%| F|  |TAMS 0x0000000087100000, 0x0000000087100000| Untracked 
|  44|0x0000000087200000, 0x0000000087200000, 0x0000000087300000|  0%| F|  |TAMS 0x0000000087200000, 0x0000000087200000| Untracked 
|  45|0x0000000087300000, 0x0000000087300000, 0x0000000087400000|  0%| F|  |TAMS 0x0000000087300000, 0x0000000087300000| Untracked 
|  46|0x0000000087400000, 0x0000000087400000, 0x0000000087500000|  0%| F|  |TAMS 0x0000000087400000, 0x0000000087400000| Untracked 
|  47|0x0000000087500000, 0x0000000087500000, 0x0000000087600000|  0%| F|  |TAMS 0x0000000087500000, 0x0000000087500000| Untracked 
|  48|0x0000000087600000, 0x0000000087600000, 0x0000000087700000|  0%| F|  |TAMS 0x0000000087600000, 0x0000000087600000| Untracked 
|  49|0x0000000087700000, 0x0000000087700000, 0x0000000087800000|  0%| F|  |TAMS 0x0000000087700000, 0x0000000087700000| Untracked 
|  50|0x0000000087800000, 0x0000000087800000, 0x0000000087900000|  0%| F|  |TAMS 0x0000000087800000, 0x0000000087800000| Untracked 
|  51|0x0000000087900000, 0x0000000087900000, 0x0000000087a00000|  0%| F|  |TAMS 0x0000000087900000, 0x0000000087900000| Untracked 
|  52|0x0000000087a00000, 0x0000000087a00000, 0x0000000087b00000|  0%| F|  |TAMS 0x0000000087a00000, 0x0000000087a00000| Untracked 
|  53|0x0000000087b00000, 0x0000000087b00000, 0x0000000087c00000|  0%| F|  |TAMS 0x0000000087b00000, 0x0000000087b00000| Untracked 
|  54|0x0000000087c00000, 0x0000000087c00000, 0x0000000087d00000|  0%| F|  |TAMS 0x0000000087c00000, 0x0000000087c00000| Untracked 
|  55|0x0000000087d00000, 0x0000000087d00000, 0x0000000087e00000|  0%| F|  |TAMS 0x0000000087d00000, 0x0000000087d00000| Untracked 
|  56|0x0000000087e00000, 0x0000000087e00000, 0x0000000087f00000|  0%| F|  |TAMS 0x0000000087e00000, 0x0000000087e00000| Untracked 
|  57|0x0000000087f00000, 0x0000000087f00000, 0x0000000088000000|  0%| F|  |TAMS 0x0000000087f00000, 0x0000000087f00000| Untracked 
|  58|0x0000000088000000, 0x0000000088000000, 0x0000000088100000|  0%| F|  |TAMS 0x0000000088000000, 0x0000000088000000| Untracked 
|  59|0x0000000088100000, 0x0000000088100000, 0x0000000088200000|  0%| F|  |TAMS 0x0000000088100000, 0x0000000088100000| Untracked 
|  60|0x0000000088200000, 0x0000000088200000, 0x0000000088300000|  0%| F|  |TAMS 0x0000000088200000, 0x0000000088200000| Untracked 
|  61|0x0000000088300000, 0x0000000088300000, 0x0000000088400000|  0%| F|  |TAMS 0x0000000088300000, 0x0000000088300000| Untracked 
|  62|0x0000000088400000, 0x0000000088400000, 0x0000000088500000|  0%| F|  |TAMS 0x0000000088400000, 0x0000000088400000| Untracked 
|  63|0x0000000088500000, 0x0000000088500000, 0x0000000088600000|  0%| F|  |TAMS 0x0000000088500000, 0x0000000088500000| Untracked 
|  64|0x0000000088600000, 0x0000000088600000, 0x0000000088700000|  0%| F|  |TAMS 0x0000000088600000, 0x0000000088600000| Untracked 
|  65|0x0000000088700000, 0x0000000088700000, 0x0000000088800000|  0%| F|  |TAMS 0x0000000088700000, 0x0000000088700000| Untracked 
|  66|0x0000000088800000, 0x0000000088800000, 0x0000000088900000|  0%| F|  |TAMS 0x0000000088800000, 0x0000000088800000| Untracked 
|  67|0x0000000088900000, 0x0000000088900000, 0x0000000088a00000|  0%| F|  |TAMS 0x0000000088900000, 0x0000000088900000| Untracked 
|  68|0x0000000088a00000, 0x0000000088a00000, 0x0000000088b00000|  0%| F|  |TAMS 0x0000000088a00000, 0x0000000088a00000| Untracked 
|  69|0x0000000088b00000, 0x0000000088b00000, 0x0000000088c00000|  0%| F|  |TAMS 0x0000000088b00000, 0x0000000088b00000| Untracked 
|  70|0x0000000088c00000, 0x0000000088c00000, 0x0000000088d00000|  0%| F|  |TAMS 0x0000000088c00000, 0x0000000088c00000| Untracked 
|  71|0x0000000088d00000, 0x0000000088d00000, 0x0000000088e00000|  0%| F|  |TAMS 0x0000000088d00000, 0x0000000088d00000| Untracked 
|  72|0x0000000088e00000, 0x0000000088e00000, 0x0000000088f00000|  0%| F|  |TAMS 0x0000000088e00000, 0x0000000088e00000| Untracked 
|  73|0x0000000088f00000, 0x0000000088f00000, 0x0000000089000000|  0%| F|  |TAMS 0x0000000088f00000, 0x0000000088f00000| Untracked 
|  74|0x0000000089000000, 0x0000000089000000, 0x0000000089100000|  0%| F|  |TAMS 0x0000000089000000, 0x0000000089000000| Untracked 
|  75|0x0000000089100000, 0x0000000089100000, 0x0000000089200000|  0%| F|  |TAMS 0x0000000089100000, 0x0000000089100000| Untracked 
|  76|0x0000000089200000, 0x0000000089200000, 0x0000000089300000|  0%| F|  |TAMS 0x0000000089200000, 0x0000000089200000| Untracked 
|  77|0x0000000089300000, 0x0000000089300000, 0x0000000089400000|  0%| F|  |TAMS 0x0000000089300000, 0x0000000089300000| Untracked 
|  78|0x0000000089400000, 0x0000000089400000, 0x0000000089500000|  0%| F|  |TAMS 0x0000000089400000, 0x0000000089400000| Untracked 
|  79|0x0000000089500000, 0x0000000089500000, 0x0000000089600000|  0%| F|  |TAMS 0x0000000089500000, 0x0000000089500000| Untracked 
|  80|0x0000000089600000, 0x0000000089600000, 0x0000000089700000|  0%| F|  |TAMS 0x0000000089600000, 0x0000000089600000| Untracked 
|  81|0x0000000089700000, 0x0000000089700000, 0x0000000089800000|  0%| F|  |TAMS 0x0000000089700000, 0x0000000089700000| Untracked 
|  82|0x0000000089800000, 0x0000000089800000, 0x0000000089900000|  0%| F|  |TAMS 0x0000000089800000, 0x0000000089800000| Untracked 
|  83|0x0000000089900000, 0x0000000089900000, 0x0000000089a00000|  0%| F|  |TAMS 0x0000000089900000, 0x0000000089900000| Untracked 
|  84|0x0000000089a00000, 0x0000000089a00000, 0x0000000089b00000|  0%| F|  |TAMS 0x0000000089a00000, 0x0000000089a00000| Untracked 
|  85|0x0000000089b00000, 0x0000000089b00000, 0x0000000089c00000|  0%| F|  |TAMS 0x0000000089b00000, 0x0000000089b00000| Untracked 
|  86|0x0000000089c00000, 0x0000000089c00000, 0x0000000089d00000|  0%| F|  |TAMS 0x0000000089c00000, 0x0000000089c00000| Untracked 
|  87|0x0000000089d00000, 0x0000000089d00000, 0x0000000089e00000|  0%| F|  |TAMS 0x0000000089d00000, 0x0000000089d00000| Untracked 
|  88|0x0000000089e00000, 0x0000000089e00000, 0x0000000089f00000|  0%| F|  |TAMS 0x0000000089e00000, 0x0000000089e00000| Untracked 
|  89|0x0000000089f00000, 0x0000000089f00000, 0x000000008a000000|  0%| F|  |TAMS 0x0000000089f00000, 0x0000000089f00000| Untracked 
|  90|0x000000008a000000, 0x000000008a000000, 0x000000008a100000|  0%| F|  |TAMS 0x000000008a000000, 0x000000008a000000| Untracked 
|  91|0x000000008a100000, 0x000000008a100000, 0x000000008a200000|  0%| F|  |TAMS 0x000000008a100000, 0x000000008a100000| Untracked 
|  92|0x000000008a200000, 0x000000008a200000, 0x000000008a300000|  0%| F|  |TAMS 0x000000008a200000, 0x000000008a200000| Untracked 
|  93|0x000000008a300000, 0x000000008a300000, 0x000000008a400000|  0%| F|  |TAMS 0x000000008a300000, 0x000000008a300000| Untracked 
|  94|0x000000008a400000, 0x000000008a400000, 0x000000008a500000|  0%| F|  |TAMS 0x000000008a400000, 0x000000008a400000| Untracked 
|  95|0x000000008a500000, 0x000000008a500000, 0x000000008a600000|  0%| F|  |TAMS 0x000000008a500000, 0x000000008a500000| Untracked 
|  96|0x000000008a600000, 0x000000008a600000, 0x000000008a700000|  0%| F|  |TAMS 0x000000008a600000, 0x000000008a600000| Untracked 
|  97|0x000000008a700000, 0x000000008a700000, 0x000000008a800000|  0%| F|  |TAMS 0x000000008a700000, 0x000000008a700000| Untracked 
|  98|0x000000008a800000, 0x000000008a900000, 0x000000008a900000|100%| E|  |TAMS 0x000000008a800000, 0x000000008a800000| Complete 
|  99|0x000000008a900000, 0x000000008aa00000, 0x000000008aa00000|100%| E|CS|TAMS 0x000000008a900000, 0x000000008a900000| Complete 
| 100|0x000000008aa00000, 0x000000008ab00000, 0x000000008ab00000|100%| E|CS|TAMS 0x000000008aa00000, 0x000000008aa00000| Complete 
| 101|0x000000008ab00000, 0x000000008ac00000, 0x000000008ac00000|100%| E|CS|TAMS 0x000000008ab00000, 0x000000008ab00000| Complete 
| 102|0x000000008ac00000, 0x000000008ad00000, 0x000000008ad00000|100%| E|CS|TAMS 0x000000008ac00000, 0x000000008ac00000| Complete 
| 103|0x000000008ad00000, 0x000000008ae00000, 0x000000008ae00000|100%| E|CS|TAMS 0x000000008ad00000, 0x000000008ad00000| Complete 
| 104|0x000000008ae00000, 0x000000008af00000, 0x000000008af00000|100%| E|CS|TAMS 0x000000008ae00000, 0x000000008ae00000| Complete 
| 105|0x000000008af00000, 0x000000008b000000, 0x000000008b000000|100%| E|CS|TAMS 0x000000008af00000, 0x000000008af00000| Complete 
| 106|0x000000008b000000, 0x000000008b100000, 0x000000008b100000|100%| E|CS|TAMS 0x000000008b000000, 0x000000008b000000| Complete 
| 107|0x000000008b100000, 0x000000008b200000, 0x000000008b200000|100%| E|CS|TAMS 0x000000008b100000, 0x000000008b100000| Complete 
| 108|0x000000008b200000, 0x000000008b2ef688, 0x000000008b300000| 93%| S|CS|TAMS 0x000000008b200000, 0x000000008b200000| Complete 
| 109|0x000000008b300000, 0x000000008b400000, 0x000000008b400000|100%| S|CS|TAMS 0x000000008b300000, 0x000000008b300000| Complete 
| 110|0x000000008b400000, 0x000000008b500000, 0x000000008b500000|100%| E|CS|TAMS 0x000000008b400000, 0x000000008b400000| Complete 
| 111|0x000000008b500000, 0x000000008b600000, 0x000000008b600000|100%| E|CS|TAMS 0x000000008b500000, 0x000000008b500000| Complete 
| 112|0x000000008b600000, 0x000000008b700000, 0x000000008b700000|100%| E|CS|TAMS 0x000000008b600000, 0x000000008b600000| Complete 
| 113|0x000000008b700000, 0x000000008b800000, 0x000000008b800000|100%| E|CS|TAMS 0x000000008b700000, 0x000000008b700000| Complete 
| 114|0x000000008b800000, 0x000000008b900000, 0x000000008b900000|100%| E|CS|TAMS 0x000000008b800000, 0x000000008b800000| Complete 
| 115|0x000000008b900000, 0x000000008ba00000, 0x000000008ba00000|100%| E|CS|TAMS 0x000000008b900000, 0x000000008b900000| Complete 
| 116|0x000000008ba00000, 0x000000008bb00000, 0x000000008bb00000|100%| E|CS|TAMS 0x000000008ba00000, 0x000000008ba00000| Complete 
| 117|0x000000008bb00000, 0x000000008bc00000, 0x000000008bc00000|100%| E|CS|TAMS 0x000000008bb00000, 0x000000008bb00000| Complete 
| 118|0x000000008bc00000, 0x000000008bd00000, 0x000000008bd00000|100%| E|CS|TAMS 0x000000008bc00000, 0x000000008bc00000| Complete 
| 119|0x000000008bd00000, 0x000000008be00000, 0x000000008be00000|100%| E|CS|TAMS 0x000000008bd00000, 0x000000008bd00000| Complete 
| 120|0x000000008be00000, 0x000000008bf00000, 0x000000008bf00000|100%| E|CS|TAMS 0x000000008be00000, 0x000000008be00000| Complete 
| 121|0x000000008bf00000, 0x000000008c000000, 0x000000008c000000|100%| E|CS|TAMS 0x000000008bf00000, 0x000000008bf00000| Complete 
| 122|0x000000008c000000, 0x000000008c100000, 0x000000008c100000|100%| E|CS|TAMS 0x000000008c000000, 0x000000008c000000| Complete 
| 123|0x000000008c100000, 0x000000008c200000, 0x000000008c200000|100%| E|CS|TAMS 0x000000008c100000, 0x000000008c100000| Complete 

Card table byte_map: [0x00007f0eef846000,0x00007f0eefc23000] _byte_map_base: 0x00007f0eef423000

Marking Bits (Prev, Next): (CMBitMap*) 0x00007f0f0c064968, (CMBitMap*) 0x00007f0f0c0649a0
 Prev Bits: [0x00007f0eed581000, 0x00007f0eef469000)
 Next Bits: [0x00007f0eeb699000, 0x00007f0eed581000)

Polling page: 0x00007f0f14233000

Metaspace:

Usage:
  Non-class:     12.54 MB capacity,    12.27 MB ( 98%) used,   243.67 KB (  2%) free+waste,    39.94 KB ( <1%) overhead. 
      Class:      1.53 MB capacity,     1.36 MB ( 89%) used,   151.12 KB ( 10%) free+waste,    18.88 KB (  1%) overhead. 
       Both:     14.07 MB capacity,    13.63 MB ( 97%) used,   394.79 KB (  3%) free+waste,    58.81 KB ( <1%) overhead. 

Virtual space:
  Non-class space:       14.00 MB reserved,      12.75 MB ( 91%) committed 
      Class space:        1.00 GB reserved,       1.62 MB ( <1%) committed 
             Both:        1.01 GB reserved,      14.38 MB (  1%) committed 

Chunk freelists:
   Non-Class:  6.75 KB
       Class:  384 bytes
        Both:  7.12 KB

CodeHeap 'non-profiled nmethods': size=120032Kb used=608Kb max_used=608Kb free=119423Kb
 bounds [0x00007f0efbf08000, 0x00007f0efc178000, 0x00007f0f03440000]
CodeHeap 'profiled nmethods': size=120032Kb used=2737Kb max_used=2737Kb free=117295Kb
 bounds [0x00007f0ef49d0000, 0x00007f0ef4c80000, 0x00007f0efbf08000]
CodeHeap 'non-nmethods': size=5696Kb used=1128Kb max_used=1195Kb free=4567Kb
 bounds [0x00007f0ef4440000, 0x00007f0ef46b0000, 0x00007f0ef49d0000]
 total_blobs=1939 nmethods=1283 adapters=294
 compilation: enabled
              stopped_count=0, restarted_count=0
 full_count=0

Compilation events (10 events):
Event: 1.372 Thread 0x00007f0f0c1d1000 nmethod 1177 0x00007f0efbf83c10 code [0x00007f0efbf83da0, 0x00007f0efbf83df8]
Event: 1.372 Thread 0x00007f0f0c1d1000 1138       4       java.lang.StringBuilder::append (8 bytes)
Event: 1.376 Thread 0x00007f0f0c1d1000 nmethod 1138 0x00007f0efbf83e90 code [0x00007f0efbf84040, 0x00007f0efbf845b8]
Event: 1.376 Thread 0x00007f0f0c1d1000 1223   !   4       java.nio.DirectByteBuffer::get (28 bytes)
Event: 1.377 Thread 0x00007f0f0c1d1000 nmethod 1223 0x00007f0efbf84890 code [0x00007f0efbf84a20, 0x00007f0efbf84ab8]
Event: 2.445 Thread 0x00007f0eb8150800 nmethod 844 0x00007f0efbf84b90 code [0x00007f0efbf85340, 0x00007f0efbf93188]
Event: 519.961 Thread 0x00007f0f0c1d1000 1282       4       org.eclipse.jdt.launching.internal.org.objectweb.asm.ClassReader::readClass (7 bytes)
Event: 519.968 Thread 0x00007f0f0c1d1000 nmethod 1282 0x00007f0efbf9c010 code [0x00007f0efbf9c1c0, 0x00007f0efbf9c6a8]
Event: 519.969 Thread 0x00007f0f0c1d1000 1283       4       org.eclipse.jdt.launching.internal.org.objectweb.asm.MethodWriter::visitLocalVariable (222 bytes)
Event: 519.999 Thread 0x00007f0f0c1d1000 nmethod 1283 0x00007f0efbf9ca90 code [0x00007f0efbf9cd80, 0x00007f0efbf9f128]

GC Heap History (2 events):
Event: 0.770 GC heap before
{Heap before GC invocations=0 (full 0):
 garbage-first heap   total 126976K, used 14336K [0x0000000084600000, 0x0000000100000000)
  region size 1024K, 14 young (14336K), 0 survivors (0K)
 Metaspace       used 10460K, capacity 10641K, committed 10752K, reserved 1058816K
  class space    used 940K, capacity 987K, committed 1024K, reserved 1048576K
}
Event: 0.796 GC heap after
{Heap after GC invocations=1 (full 0):
 garbage-first heap   total 126976K, used 1981K [0x0000000084600000, 0x0000000100000000)
  region size 1024K, 2 young (2048K), 2 survivors (2048K)
 Metaspace       used 10460K, capacity 10641K, committed 10752K, reserved 1058816K
  class space    used 940K, capacity 987K, committed 1024K, reserved 1048576K
}

Deoptimization events (7 events):
Event: 0.709 Thread 0x00007f0f0c014800 Uncommon trap: reason=unstable_if action=reinterpret pc=0x00007f0efbf335fc method=java.math.BigInteger.addOne([IIII)I @ 55 c2
Event: 0.884 Thread 0x00007f0f0c014800 Uncommon trap: reason=unstable_if action=reinterpret pc=0x00007f0efbf156dc method=java.util.HashMap.putVal(ILjava/lang/Object;Ljava/lang/Object;ZZ)Ljava/lang/Object; @ 181 c2
Event: 0.913 Thread 0x00007f0f0c014800 Uncommon trap: reason=bimorphic_or_optimized_type_check action=maybe_recompile pc=0x00007f0efbf3d750 method=java.util.HashMap.getNode(ILjava/lang/Object;)Ljava/util/HashMap$Node; @ 126 c2
Event: 0.913 Thread 0x00007f0f0c014800 Uncommon trap: reason=unstable_if action=reinterpret pc=0x00007f0efbf3d6e4 method=java.util.HashMap.getNode(ILjava/lang/Object;)Ljava/util/HashMap$Node; @ 62 c2
Event: 0.925 Thread 0x00007f0f0c014800 Uncommon trap: reason=unstable_if action=reinterpret pc=0x00007f0efbf5c4fc method=java.util.HashMap.getNode(ILjava/lang/Object;)Ljava/util/HashMap$Node; @ 129 c2
Event: 0.965 Thread 0x00007f0f0c014800 Uncommon trap: reason=unstable_if action=reinterpret pc=0x00007f0efbf3ba6c method=java.lang.String.startsWith(Ljava/lang/String;I)Z @ 14 c2
Event: 1.236 Thread 0x00007f0f0c014800 Uncommon trap: reason=unstable_if action=reinterpret pc=0x00007f0efbf674e8 method=org.eclipse.jdt.launching.internal.org.objectweb.asm.ByteVector.putInt(I)Lorg/eclipse/jdt/launching/internal/org/objectweb/asm/ByteVector; @ 13 c2

Classes redefined (10 events):
Event: 512.748 Thread 0x00007f0f0c1b0000 redefined class name=SLNode, count=2
Event: 512.752 Thread 0x00007f0f0c1b0000 redefined class name=SkipList, count=2
Event: 519.988 Thread 0x00007f0f0c1b0000 redefined class name=SLNode, count=3
Event: 519.997 Thread 0x00007f0f0c1b0000 redefined class name=SkipList, count=3
Event: 1980.913 Thread 0x00007f0f0c1b0000 redefined class name=SLNode, count=4
Event: 1980.917 Thread 0x00007f0f0c1b0000 redefined class name=SkipList, count=4
Event: 2632.050 Thread 0x00007f0f0c1b0000 redefined class name=SLNode, count=5
Event: 2632.056 Thread 0x00007f0f0c1b0000 redefined class name=SkipList, count=5
Event: 2682.565 Thread 0x00007f0f0c1b0000 redefined class name=SLNode, count=6
Event: 2682.569 Thread 0x00007f0f0c1b0000 redefined class name=SkipList, count=6

Internal exceptions (10 events):
Event: 0.899 Thread 0x00007f0f0c014800 Exception <a 'java/lang/NoSuchMethodError'{0x000000008bcd44a8}: java.lang.invoke.DirectMethodHandle$Holder.invokeStaticInit(Ljava/lang/Object;Ljava/lang/Object;)I> (0x000000008bcd44a8) thrown at [/scratch/opt/mach5/mesos/work_dir/slaves/83bb4d84-382c-4ead
Event: 0.936 Thread 0x00007f0f0c014800 Exception <a 'java/lang/NoSuchMethodError'{0x000000008ba7a408}: java.lang.invoke.DirectMethodHandle$Holder.invokeSpecialIFC(Ljava/lang/Object;Ljava/lang/Object;Ljava/lang/Object;Ljava/lang/Object;)Ljava/lang/Object;> (0x000000008ba7a408) thrown at [/scrat
Event: 0.982 Thread 0x00007f0f0c014800 Exception <a 'java/lang/NoSuchMethodError'{0x000000008b9abcc0}: java.lang.invoke.DirectMethodHandle$Holder.invokeVirtual(Ljava/lang/Object;Ljava/lang/Object;Ljava/lang/Object;)I> (0x000000008b9abcc0) thrown at [/scratch/opt/mach5/mesos/work_dir/slaves/83b
Event: 0.985 Thread 0x00007f0f0c014800 Exception <a 'java/lang/NoSuchMethodError'{0x000000008b9cd4d8}: java.lang.invoke.DirectMethodHandle$Holder.invokeInterface(Ljava/lang/Object;Ljava/lang/Object;)V> (0x000000008b9cd4d8) thrown at [/scratch/opt/mach5/mesos/work_dir/slaves/83bb4d84-382c-4ead-
Event: 0.985 Thread 0x00007f0f0c014800 Exception <a 'java/lang/IncompatibleClassChangeError'{0x000000008b9d0138}: Found class java.lang.Object, but interface was expected> (0x000000008b9d0138) thrown at [/scratch/opt/mach5/mesos/work_dir/slaves/83bb4d84-382c-4ead-b585-d8ef0018fefe-S6551/framew
Event: 0.988 Thread 0x00007f0f0c014800 Exception <a 'java/lang/NoSuchMethodError'{0x000000008b9e5a50}: java.lang.invoke.DirectMethodHandle$Holder.invokeStatic(Ljava/lang/Object;Ljava/lang/Object;Ljava/lang/Object;Ljava/lang/Object;)V> (0x000000008b9e5a50) thrown at [/scratch/opt/mach5/mesos/wo
Event: 1.178 Thread 0x00007f0f0c014800 Exception <a 'java/lang/NoSuchMethodError'{0x000000008ae37118}: java.lang.invoke.DirectMethodHandle$Holder.invokeInterface(Ljava/lang/Object;Ljava/lang/Object;Ljava/lang/Object;Ljava/lang/Object;)V> (0x000000008ae37118) thrown at [/scratch/opt/mach5/mesos
Event: 1.179 Thread 0x00007f0f0c014800 Exception <a 'java/lang/IncompatibleClassChangeError'{0x000000008ae39ed8}: Found class java.lang.Object, but interface was expected> (0x000000008ae39ed8) thrown at [/scratch/opt/mach5/mesos/work_dir/slaves/83bb4d84-382c-4ead-b585-d8ef0018fefe-S6551/framew
Event: 1.209 Thread 0x00007f0f0c014800 Exception <a 'java/lang/NoSuchMethodError'{0x000000008add4610}: java.lang.invoke.DirectMethodHandle$Holder.invokeSpecial(Ljava/lang/Object;Ljava/lang/Object;)V> (0x000000008add4610) thrown at [/scratch/opt/mach5/mesos/work_dir/slaves/83bb4d84-382c-4ead-b5
Event: 1.230 Thread 0x00007f0f0c014800 Exception <a 'java/lang/NoSuchMethodError'{0x000000008acaedf8}: java.lang.invoke.DirectMethodHandle$Holder.invokeStatic(Ljava/lang/Object;Ljava/lang/Object;Ljava/lang/Object;Ljava/lang/Object;Ljava/lang/Object;)I> (0x000000008acaedf8) thrown at [/scratch/

Events (10 events):
Event: 2682.579 Executing VM operation: GetStackTrace done
Event: 2682.615 Executing VM operation: GetFrameCount
Event: 2682.615 Executing VM operation: GetFrameCount done
Event: 2682.615 Executing VM operation: GetOwnedMonitorInfo
Event: 2682.615 Executing VM operation: GetOwnedMonitorInfo done
Event: 2682.615 Executing VM operation: GetCurrentContendedMonitor
Event: 2682.615 Executing VM operation: GetCurrentContendedMonitor done
Event: 2684.159 Executing VM operation: GetFrameLocation
Event: 2684.159 Executing VM operation: GetFrameLocation done
Event: 2684.159 Executing VM operation: GetOrSetLocal


Dynamic libraries:
00400000-00401000 r-xp 00000000 08:03 18881480                           /usr/lib/jvm/jdk-11.0.1/bin/java
00600000-00601000 r--p 00000000 08:03 18881480                           /usr/lib/jvm/jdk-11.0.1/bin/java
00601000-00602000 rw-p 00001000 08:03 18881480                           /usr/lib/jvm/jdk-11.0.1/bin/java
00fea000-0100b000 rw-p 00000000 00:00 0                                  [heap]
84600000-8c200000 rw-p 00000000 00:00 0 
8c200000-100000000 ---p 00000000 00:00 0 
100000000-1001a0000 rw-p 00000000 00:00 0 
1001a0000-140000000 ---p 00000000 00:00 0 
7f0e88000000-7f0e88021000 rw-p 00000000 00:00 0 
7f0e88021000-7f0e8c000000 ---p 00000000 00:00 0 
7f0e90000000-7f0e90021000 rw-p 00000000 00:00 0 
7f0e90021000-7f0e94000000 ---p 00000000 00:00 0 
7f0e94000000-7f0e94021000 rw-p 00000000 00:00 0 
7f0e94021000-7f0e98000000 ---p 00000000 00:00 0 
7f0e98000000-7f0e997b6000 rw-p 00000000 00:00 0 
7f0e997b6000-7f0e9c000000 ---p 00000000 00:00 0 
7f0e9c000000-7f0e9c021000 rw-p 00000000 00:00 0 
7f0e9c021000-7f0ea0000000 ---p 00000000 00:00 0 
7f0ea0000000-7f0ea0021000 rw-p 00000000 00:00 0 
7f0ea0021000-7f0ea4000000 ---p 00000000 00:00 0 
7f0ea4000000-7f0ea4021000 rw-p 00000000 00:00 0 
7f0ea4021000-7f0ea8000000 ---p 00000000 00:00 0 
7f0ea8000000-7f0ea8027000 rw-p 00000000 00:00 0 
7f0ea8027000-7f0eac000000 ---p 00000000 00:00 0 
7f0eac000000-7f0eac021000 rw-p 00000000 00:00 0 
7f0eac021000-7f0eb0000000 ---p 00000000 00:00 0 
7f0eb0000000-7f0eb0021000 rw-p 00000000 00:00 0 
7f0eb0021000-7f0eb4000000 ---p 00000000 00:00 0 
7f0eb4000000-7f0eb4036000 rw-p 00000000 00:00 0 
7f0eb4036000-7f0eb8000000 ---p 00000000 00:00 0 
7f0eb8000000-7f0eb8968000 rw-p 00000000 00:00 0 
7f0eb8968000-7f0ebc000000 ---p 00000000 00:00 0 
7f0ebc000000-7f0ebc021000 rw-p 00000000 00:00 0 
7f0ebc021000-7f0ec0000000 ---p 00000000 00:00 0 
7f0ec0000000-7f0ec0cc1000 rw-p 00000000 00:00 0 
7f0ec0cc1000-7f0ec4000000 ---p 00000000 00:00 0 
7f0ec4000000-7f0ec4021000 rw-p 00000000 00:00 0 
7f0ec4021000-7f0ec8000000 ---p 00000000 00:00 0 
7f0ec9f17000-7f0ec9fd7000 rw-p 00000000 00:00 0 
7f0ec9fd7000-7f0eca117000 ---p 00000000 00:00 0 
7f0eca5c1000-7f0eca7c1000 rw-p 00000000 00:00 0 
7f0eca7c1000-7f0eca7c2000 ---p 00000000 00:00 0 
7f0eca7c2000-7f0eca8c2000 rw-p 00000000 00:00 0 
7f0eca8c2000-7f0eca8c3000 ---p 00000000 00:00 0 
7f0eca8c3000-7f0eca9c3000 rw-p 00000000 00:00 0 
7f0eca9c3000-7f0eca9c4000 ---p 00000000 00:00 0 
7f0eca9c4000-7f0ecaac4000 rw-p 00000000 00:00 0 
7f0ecaac4000-7f0ecaac8000 ---p 00000000 00:00 0 
7f0ecaac8000-7f0ecabc5000 rw-p 00000000 00:00 0 
7f0ecabc5000-7f0ecabc7000 r-xp 00000000 08:03 18488789                   /usr/lib/jvm/jdk-11.0.1/lib/libextnet.so
7f0ecabc7000-7f0ecadc6000 ---p 00002000 08:03 18488789                   /usr/lib/jvm/jdk-11.0.1/lib/libextnet.so
7f0ecadc6000-7f0ecadc7000 r--p 00001000 08:03 18488789                   /usr/lib/jvm/jdk-11.0.1/lib/libextnet.so
7f0ecadc7000-7f0ecadc8000 rw-p 00002000 08:03 18488789                   /usr/lib/jvm/jdk-11.0.1/lib/libextnet.so
7f0ecadc8000-7f0ecadcc000 ---p 00000000 00:00 0 
7f0ecadcc000-7f0ecaec9000 rw-p 00000000 00:00 0 
7f0ecaec9000-7f0ecb0c9000 rw-p 00000000 00:00 0 
7f0ecb0c9000-7f0ecb0ca000 ---p 00000000 00:00 0 
7f0ecb0ca000-7f0ecb1ca000 rw-p 00000000 00:00 0 
7f0ecb1ca000-7f0ecb1ce000 ---p 00000000 00:00 0 
7f0ecb1ce000-7f0ecb2cb000 rw-p 00000000 00:00 0 
7f0ecb2cb000-7f0ecb2e1000 r-xp 00000000 08:03 18488776                   /usr/lib/jvm/jdk-11.0.1/lib/libnet.so
7f0ecb2e1000-7f0ecb4e0000 ---p 00016000 08:03 18488776                   /usr/lib/jvm/jdk-11.0.1/lib/libnet.so
7f0ecb4e0000-7f0ecb4e1000 r--p 00015000 08:03 18488776                   /usr/lib/jvm/jdk-11.0.1/lib/libnet.so
7f0ecb4e1000-7f0ecb4e2000 rw-p 00016000 08:03 18488776                   /usr/lib/jvm/jdk-11.0.1/lib/libnet.so
7f0ecb4e2000-7f0ecb4f2000 r-xp 00000000 08:03 18488765                   /usr/lib/jvm/jdk-11.0.1/lib/libnio.so
7f0ecb4f2000-7f0ecb6f1000 ---p 00010000 08:03 18488765                   /usr/lib/jvm/jdk-11.0.1/lib/libnio.so
7f0ecb6f1000-7f0ecb6f2000 r--p 0000f000 08:03 18488765                   /usr/lib/jvm/jdk-11.0.1/lib/libnio.so
7f0ecb6f2000-7f0ecb6f3000 rw-p 00010000 08:03 18488765                   /usr/lib/jvm/jdk-11.0.1/lib/libnio.so
7f0ecb6f3000-7f0ecb6f7000 ---p 00000000 00:00 0 
7f0ecb6f7000-7f0ecb7f4000 rw-p 00000000 00:00 0 
7f0ecb7f4000-7f0ecb7f8000 ---p 00000000 00:00 0 
7f0ecb7f8000-7f0ecb8f5000 rw-p 00000000 00:00 0 
7f0ecb8f5000-7f0ecb8f9000 ---p 00000000 00:00 0 
7f0ecb8f9000-7f0ecb9f6000 rw-p 00000000 00:00 0 
7f0ecb9f6000-7f0ecb9fa000 r-xp 00000000 08:03 18488754                   /usr/lib/jvm/jdk-11.0.1/lib/libdt_socket.so
7f0ecb9fa000-7f0ecbbfa000 ---p 00004000 08:03 18488754                   /usr/lib/jvm/jdk-11.0.1/lib/libdt_socket.so
7f0ecbbfa000-7f0ecbbfb000 r--p 00004000 08:03 18488754                   /usr/lib/jvm/jdk-11.0.1/lib/libdt_socket.so
7f0ecbbfb000-7f0ecbbfc000 rw-p 00005000 08:03 18488754                   /usr/lib/jvm/jdk-11.0.1/lib/libdt_socket.so
7f0ecbbfc000-7f0ecbc00000 ---p 00000000 00:00 0 
7f0ecbc00000-7f0ecbcfd000 rw-p 00000000 00:00 0 
7f0ecbcfd000-7f0ecbd01000 ---p 00000000 00:00 0 
7f0ecbd01000-7f0ecbdfe000 rw-p 00000000 00:00 0 
7f0ecbdfe000-7f0ecbe02000 ---p 00000000 00:00 0 
7f0ecbe02000-7f0ecbeff000 rw-p 00000000 00:00 0 
7f0ecbeff000-7f0ecbf03000 ---p 00000000 00:00 0 
7f0ecbf03000-7f0ecc000000 rw-p 00000000 00:00 0 
7f0ecc000000-7f0ecc021000 rw-p 00000000 00:00 0 
7f0ecc021000-7f0ed0000000 ---p 00000000 00:00 0 
7f0ed0000000-7f0ed0021000 rw-p 00000000 00:00 0 
7f0ed0021000-7f0ed4000000 ---p 00000000 00:00 0 
7f0ed4000000-7f0ed4021000 rw-p 00000000 00:00 0 
7f0ed4021000-7f0ed8000000 ---p 00000000 00:00 0 
7f0ed8000000-7f0ed8409000 rw-p 00000000 00:00 0 
7f0ed8409000-7f0edc000000 ---p 00000000 00:00 0 
7f0edc000000-7f0edc021000 rw-p 00000000 00:00 0 
7f0edc021000-7f0ee0000000 ---p 00000000 00:00 0 
7f0ee0000000-7f0ee0021000 rw-p 00000000 00:00 0 
7f0ee0021000-7f0ee4000000 ---p 00000000 00:00 0 
7f0ee4000000-7f0ee4021000 rw-p 00000000 00:00 0 
7f0ee4021000-7f0ee8000000 ---p 00000000 00:00 0 
7f0ee8071000-7f0ee8075000 ---p 00000000 00:00 0 
7f0ee8075000-7f0ee8172000 rw-p 00000000 00:00 0 
7f0ee8172000-7f0ee830d000 r--p 00000000 08:03 14156905                   /usr/lib/locale/locale-archive
7f0ee830d000-7f0ee8311000 ---p 00000000 00:00 0 
7f0ee8311000-7f0ee840e000 rw-p 00000000 00:00 0 
7f0ee840e000-7f0ee8412000 ---p 00000000 00:00 0 
7f0ee8412000-7f0ee850f000 rw-p 00000000 00:00 0 
7f0ee850f000-7f0ee8510000 ---p 00000000 00:00 0 
7f0ee8510000-7f0ee8691000 rw-p 00000000 00:00 0 
7f0ee8691000-7f0ee8e91000 rw-p 00000000 00:00 0 
7f0ee8e91000-7f0ee8e92000 ---p 00000000 00:00 0 
7f0ee8e92000-7f0ee8f92000 rw-p 00000000 00:00 0 
7f0ee8f92000-7f0ee8f93000 ---p 00000000 00:00 0 
7f0ee8f93000-7f0ee9497000 rw-p 00000000 00:00 0 
7f0ee9497000-7f0eeb497000 rw-p 00000000 00:00 0 
7f0eeb497000-7f0eeb498000 ---p 00000000 00:00 0 
7f0eeb498000-7f0eeb598000 rw-p 00000000 00:00 0 
7f0eeb598000-7f0eeb599000 ---p 00000000 00:00 0 
7f0eeb599000-7f0eeb699000 rw-p 00000000 00:00 0 
7f0eeb699000-7f0eeb889000 rw-p 00000000 00:00 0 
7f0eeb889000-7f0eed581000 ---p 00000000 00:00 0 
7f0eed581000-7f0eed771000 rw-p 00000000 00:00 0 
7f0eed771000-7f0eef469000 ---p 00000000 00:00 0 
7f0eef469000-7f0eef4a7000 rw-p 00000000 00:00 0 
7f0eef4a7000-7f0eef846000 ---p 00000000 00:00 0 
7f0eef846000-7f0eef884000 rw-p 00000000 00:00 0 
7f0eef884000-7f0eefc23000 ---p 00000000 00:00 0 
7f0eefc23000-7f0eefc61000 rw-p 00000000 00:00 0 
7f0eefc61000-7f0ef0000000 ---p 00000000 00:00 0 
7f0ef0000000-7f0ef0021000 rw-p 00000000 00:00 0 
7f0ef0021000-7f0ef4000000 ---p 00000000 00:00 0 
7f0ef403c000-7f0ef4440000 rw-p 00000000 00:00 0 
7f0ef4440000-7f0ef46b0000 rwxp 00000000 00:00 0 
7f0ef46b0000-7f0ef49d0000 ---p 00000000 00:00 0 
7f0ef49d0000-7f0ef4c80000 rwxp 00000000 00:00 0 
7f0ef4c80000-7f0efbf08000 ---p 00000000 00:00 0 
7f0efbf08000-7f0efc178000 rwxp 00000000 00:00 0 
7f0efc178000-7f0f03440000 ---p 00000000 00:00 0 
7f0f03440000-7f0f0b7fb000 r--s 00000000 08:03 18488788                   /usr/lib/jvm/jdk-11.0.1/lib/modules
7f0f0b7fb000-7f0f0c000000 r--s 00000000 08:03 5505845                    /var/lib/sss/mc/passwd
7f0f0c000000-7f0f0c7f8000 rw-p 00000000 00:00 0 
7f0f0c7f8000-7f0f10000000 ---p 00000000 00:00 0 
7f0f10076000-7f0f10077000 ---p 00000000 00:00 0 
7f0f10077000-7f0f10177000 rw-p 00000000 00:00 0 
7f0f10177000-7f0f1017c000 rw-p 00000000 00:00 0 
7f0f1017c000-7f0f10262000 ---p 00000000 00:00 0 
7f0f10262000-7f0f10268000 rw-p 00000000 00:00 0 
7f0f10268000-7f0f1034d000 ---p 00000000 00:00 0 
7f0f1034d000-7f0f10368000 r-xp 00000000 08:03 18488764                   /usr/lib/jvm/jdk-11.0.1/lib/libjimage.so
7f0f10368000-7f0f10567000 ---p 0001b000 08:03 18488764                   /usr/lib/jvm/jdk-11.0.1/lib/libjimage.so
7f0f10567000-7f0f10569000 r--p 0001a000 08:03 18488764                   /usr/lib/jvm/jdk-11.0.1/lib/libjimage.so
7f0f10569000-7f0f1056a000 rw-p 0001c000 08:03 18488764                   /usr/lib/jvm/jdk-11.0.1/lib/libjimage.so
7f0f1056a000-7f0f10571000 r-xp 00000000 08:03 18488777                   /usr/lib/jvm/jdk-11.0.1/lib/libzip.so
7f0f10571000-7f0f10770000 ---p 00007000 08:03 18488777                   /usr/lib/jvm/jdk-11.0.1/lib/libzip.so
7f0f10770000-7f0f10771000 r--p 00006000 08:03 18488777                   /usr/lib/jvm/jdk-11.0.1/lib/libzip.so
7f0f10771000-7f0f10772000 rw-p 00007000 08:03 18488777                   /usr/lib/jvm/jdk-11.0.1/lib/libzip.so
7f0f10772000-7f0f1077a000 r-xp 00000000 08:03 11276131                   /lib/x86_64-linux-gnu/libnss_sss.so.2
7f0f1077a000-7f0f10979000 ---p 00008000 08:03 11276131                   /lib/x86_64-linux-gnu/libnss_sss.so.2
7f0f10979000-7f0f1097a000 r--p 00007000 08:03 11276131                   /lib/x86_64-linux-gnu/libnss_sss.so.2
7f0f1097a000-7f0f1097b000 rw-p 00008000 08:03 11276131                   /lib/x86_64-linux-gnu/libnss_sss.so.2
7f0f1097b000-7f0f10985000 r-xp 00000000 08:03 11272752                   /lib/x86_64-linux-gnu/libnss_files-2.24.so
7f0f10985000-7f0f10b85000 ---p 0000a000 08:03 11272752                   /lib/x86_64-linux-gnu/libnss_files-2.24.so
7f0f10b85000-7f0f10b86000 r--p 0000a000 08:03 11272752                   /lib/x86_64-linux-gnu/libnss_files-2.24.so
7f0f10b86000-7f0f10b87000 rw-p 0000b000 08:03 11272752                   /lib/x86_64-linux-gnu/libnss_files-2.24.so
7f0f10b87000-7f0f10b8d000 rw-p 00000000 00:00 0 
7f0f10b8d000-7f0f10b98000 r-xp 00000000 08:03 11272738                   /lib/x86_64-linux-gnu/libnss_nis-2.24.so
7f0f10b98000-7f0f10d97000 ---p 0000b000 08:03 11272738                   /lib/x86_64-linux-gnu/libnss_nis-2.24.so
7f0f10d97000-7f0f10d98000 r--p 0000a000 08:03 11272738                   /lib/x86_64-linux-gnu/libnss_nis-2.24.so
7f0f10d98000-7f0f10d99000 rw-p 0000b000 08:03 11272738                   /lib/x86_64-linux-gnu/libnss_nis-2.24.so
7f0f10d99000-7f0f10dad000 r-xp 00000000 08:03 11272723                   /lib/x86_64-linux-gnu/libnsl-2.24.so
7f0f10dad000-7f0f10fad000 ---p 00014000 08:03 11272723                   /lib/x86_64-linux-gnu/libnsl-2.24.so
7f0f10fad000-7f0f10fae000 r--p 00014000 08:03 11272723                   /lib/x86_64-linux-gnu/libnsl-2.24.so
7f0f10fae000-7f0f10faf000 rw-p 00015000 08:03 11272723                   /lib/x86_64-linux-gnu/libnsl-2.24.so
7f0f10faf000-7f0f10fb1000 rw-p 00000000 00:00 0 
7f0f10fb1000-7f0f10fb8000 r-xp 00000000 08:03 11272701                   /lib/x86_64-linux-gnu/libnss_compat-2.24.so
7f0f10fb8000-7f0f111b7000 ---p 00007000 08:03 11272701                   /lib/x86_64-linux-gnu/libnss_compat-2.24.so
7f0f111b7000-7f0f111b8000 r--p 00006000 08:03 11272701                   /lib/x86_64-linux-gnu/libnss_compat-2.24.so
7f0f111b8000-7f0f111b9000 rw-p 00007000 08:03 11272701                   /lib/x86_64-linux-gnu/libnss_compat-2.24.so
7f0f111b9000-7f0f111c3000 r-xp 00000000 08:03 18488771                   /usr/lib/jvm/jdk-11.0.1/lib/libinstrument.so
7f0f111c3000-7f0f113c2000 ---p 0000a000 08:03 18488771                   /usr/lib/jvm/jdk-11.0.1/lib/libinstrument.so
7f0f113c2000-7f0f113c3000 r--p 00009000 08:03 18488771                   /usr/lib/jvm/jdk-11.0.1/lib/libinstrument.so
7f0f113c3000-7f0f113c4000 rw-p 0000a000 08:03 18488771                   /usr/lib/jvm/jdk-11.0.1/lib/libinstrument.so
7f0f113c4000-7f0f113ff000 r-xp 00000000 08:03 18488773                   /usr/lib/jvm/jdk-11.0.1/lib/libjdwp.so
7f0f113ff000-7f0f115fe000 ---p 0003b000 08:03 18488773                   /usr/lib/jvm/jdk-11.0.1/lib/libjdwp.so
7f0f115fe000-7f0f115ff000 r--p 0003a000 08:03 18488773                   /usr/lib/jvm/jdk-11.0.1/lib/libjdwp.so
7f0f115ff000-7f0f11600000 rw-p 0003b000 08:03 18488773                   /usr/lib/jvm/jdk-11.0.1/lib/libjdwp.so
7f0f11600000-7f0f1162b000 r-xp 00000000 08:03 18488778                   /usr/lib/jvm/jdk-11.0.1/lib/libjava.so
7f0f1162b000-7f0f1182a000 ---p 0002b000 08:03 18488778                   /usr/lib/jvm/jdk-11.0.1/lib/libjava.so
7f0f1182a000-7f0f1182b000 r--p 0002a000 08:03 18488778                   /usr/lib/jvm/jdk-11.0.1/lib/libjava.so
7f0f1182b000-7f0f1182d000 rw-p 0002b000 08:03 18488778                   /usr/lib/jvm/jdk-11.0.1/lib/libjava.so
7f0f1182d000-7f0f1183a000 r-xp 00000000 08:03 18488774                   /usr/lib/jvm/jdk-11.0.1/lib/libverify.so
7f0f1183a000-7f0f11a39000 ---p 0000d000 08:03 18488774                   /usr/lib/jvm/jdk-11.0.1/lib/libverify.so
7f0f11a39000-7f0f11a3b000 r--p 0000c000 08:03 18488774                   /usr/lib/jvm/jdk-11.0.1/lib/libverify.so
7f0f11a3b000-7f0f11a3c000 rw-p 0000e000 08:03 18488774                   /usr/lib/jvm/jdk-11.0.1/lib/libverify.so
7f0f11a3c000-7f0f11a43000 r-xp 00000000 08:03 11272641                   /lib/x86_64-linux-gnu/librt-2.24.so
7f0f11a43000-7f0f11c42000 ---p 00007000 08:03 11272641                   /lib/x86_64-linux-gnu/librt-2.24.so
7f0f11c42000-7f0f11c43000 r--p 00006000 08:03 11272641                   /lib/x86_64-linux-gnu/librt-2.24.so
7f0f11c43000-7f0f11c44000 rw-p 00007000 08:03 11272641                   /lib/x86_64-linux-gnu/librt-2.24.so
7f0f11c44000-7f0f11d47000 r-xp 00000000 08:03 11272767                   /lib/x86_64-linux-gnu/libm-2.24.so
7f0f11d47000-7f0f11f46000 ---p 00103000 08:03 11272767                   /lib/x86_64-linux-gnu/libm-2.24.so
7f0f11f46000-7f0f11f47000 r--p 00102000 08:03 11272767                   /lib/x86_64-linux-gnu/libm-2.24.so
7f0f11f47000-7f0f11f48000 rw-p 00103000 08:03 11272767                   /lib/x86_64-linux-gnu/libm-2.24.so
7f0f11f48000-7f0f130d0000 r-xp 00000000 08:03 18488782                   /usr/lib/jvm/jdk-11.0.1/lib/server/libjvm.so
7f0f130d0000-7f0f132d0000 ---p 01188000 08:03 18488782                   /usr/lib/jvm/jdk-11.0.1/lib/server/libjvm.so
7f0f132d0000-7f0f1339a000 r--p 01188000 08:03 18488782                   /usr/lib/jvm/jdk-11.0.1/lib/server/libjvm.so
7f0f1339a000-7f0f133d4000 rw-p 01252000 08:03 18488782                   /usr/lib/jvm/jdk-11.0.1/lib/server/libjvm.so
7f0f133d4000-7f0f1342a000 rw-p 00000000 00:00 0 
7f0f1342a000-7f0f135bf000 r-xp 00000000 08:03 11272788                   /lib/x86_64-linux-gnu/libc-2.24.so
7f0f135bf000-7f0f137bf000 ---p 00195000 08:03 11272788                   /lib/x86_64-linux-gnu/libc-2.24.so
7f0f137bf000-7f0f137c3000 r--p 00195000 08:03 11272788                   /lib/x86_64-linux-gnu/libc-2.24.so
7f0f137c3000-7f0f137c5000 rw-p 00199000 08:03 11272788                   /lib/x86_64-linux-gnu/libc-2.24.so
7f0f137c5000-7f0f137c9000 rw-p 00000000 00:00 0 
7f0f137c9000-7f0f137cc000 r-xp 00000000 08:03 11272756                   /lib/x86_64-linux-gnu/libdl-2.24.so
7f0f137cc000-7f0f139cb000 ---p 00003000 08:03 11272756                   /lib/x86_64-linux-gnu/libdl-2.24.so
7f0f139cb000-7f0f139cc000 r--p 00002000 08:03 11272756                   /lib/x86_64-linux-gnu/libdl-2.24.so
7f0f139cc000-7f0f139cd000 rw-p 00003000 08:03 11272756                   /lib/x86_64-linux-gnu/libdl-2.24.so
7f0f139cd000-7f0f139dc000 r-xp 00000000 08:03 18488796                   /usr/lib/jvm/jdk-11.0.1/lib/jli/libjli.so
7f0f139dc000-7f0f13bdc000 ---p 0000f000 08:03 18488796                   /usr/lib/jvm/jdk-11.0.1/lib/jli/libjli.so
7f0f13bdc000-7f0f13bdd000 r--p 0000f000 08:03 18488796                   /usr/lib/jvm/jdk-11.0.1/lib/jli/libjli.so
7f0f13bdd000-7f0f13bde000 rw-p 00010000 08:03 18488796                   /usr/lib/jvm/jdk-11.0.1/lib/jli/libjli.so
7f0f13bde000-7f0f13bf6000 r-xp 00000000 08:03 11272646                   /lib/x86_64-linux-gnu/libpthread-2.24.so
7f0f13bf6000-7f0f13df5000 ---p 00018000 08:03 11272646                   /lib/x86_64-linux-gnu/libpthread-2.24.so
7f0f13df5000-7f0f13df6000 r--p 00017000 08:03 11272646                   /lib/x86_64-linux-gnu/libpthread-2.24.so
7f0f13df6000-7f0f13df7000 rw-p 00018000 08:03 11272646                   /lib/x86_64-linux-gnu/libpthread-2.24.so
7f0f13df7000-7f0f13dfb000 rw-p 00000000 00:00 0 
7f0f13dfb000-7f0f13e14000 r-xp 00000000 08:03 11272655                   /lib/x86_64-linux-gnu/libz.so.1.2.8
7f0f13e14000-7f0f14013000 ---p 00019000 08:03 11272655                   /lib/x86_64-linux-gnu/libz.so.1.2.8
7f0f14013000-7f0f14014000 r--p 00018000 08:03 11272655                   /lib/x86_64-linux-gnu/libz.so.1.2.8
7f0f14014000-7f0f14015000 rw-p 00019000 08:03 11272655                   /lib/x86_64-linux-gnu/libz.so.1.2.8
7f0f14015000-7f0f14038000 r-xp 00000000 08:03 11272635                   /lib/x86_64-linux-gnu/ld-2.24.so
7f0f14064000-7f0f140bf000 rw-p 00000000 00:00 0 
7f0f140bf000-7f0f14101000 rw-p 00000000 00:00 0 
7f0f14101000-7f0f14105000 ---p 00000000 00:00 0 
7f0f14105000-7f0f14204000 rw-p 00000000 00:00 0 
7f0f14218000-7f0f1421f000 r--s 00000000 08:03 14156408                   /usr/lib/x86_64-linux-gnu/gconv/gconv-modules.cache
7f0f1421f000-7f0f14224000 rw-p 00000000 00:00 0 
7f0f14224000-7f0f1422b000 ---p 00000000 00:00 0 
7f0f1422b000-7f0f14233000 rw-s 00000000 00:25 662682                     /tmp/hsperfdata_kureryut/11201
7f0f14233000-7f0f14234000 ---p 00000000 00:00 0 
7f0f14234000-7f0f14235000 r--p 00000000 00:00 0 
7f0f14235000-7f0f14238000 rw-p 00000000 00:00 0 
7f0f14238000-7f0f14239000 r--p 00023000 08:03 11272635                   /lib/x86_64-linux-gnu/ld-2.24.so
7f0f14239000-7f0f1423a000 rw-p 00024000 08:03 11272635                   /lib/x86_64-linux-gnu/ld-2.24.so
7f0f1423a000-7f0f1423b000 rw-p 00000000 00:00 0 
7ffdeef38000-7ffdeef59000 rw-p 00000000 00:00 0                          [stack]
7ffdeef72000-7ffdeef74000 r--p 00000000 00:00 0                          [vvar]
7ffdeef74000-7ffdeef76000 r-xp 00000000 00:00 0                          [vdso]
ffffffffff600000-ffffffffff601000 r-xp 00000000 00:00 0                  [vsyscall]


VM Arguments:
jvm_args: -agentlib:jdwp=transport=dt_socket,suspend=y,address=localhost:38685 -ea -javaagent:/home/kureryut/.eclipse/org.eclipse.platform_4.10.0_133206171_linux_gtk_x86_64/configuration/org.eclipse.osgi/216/0/.cp/lib/javaagent-shaded.jar -Dfile.encoding=UTF-8 
java_command: org.eclipse.jdt.internal.junit.runner.RemoteTestRunner -version 3 -port 41321 -testLoaderClass org.eclipse.jdt.internal.junit5.runner.JUnit5TestLoader -loaderpluginname org.eclipse.jdt.junit5.runtime -classNames SkipListTests
java_class_path (initial): /home/kureryut/git/skip-lists-assignment-2019/bin:/opt/eclipse2018-12/eclipse/plugins/org.junit.jupiter.api_5.3.1.v20181005-1442.jar:/opt/eclipse2018-12/eclipse/plugins/org.junit.jupiter.engine_5.3.1.v20181005-1442.jar:/opt/eclipse2018-12/eclipse/plugins/org.junit.jupiter.migrationsupport_5.3.1.v20181005-1442.jar:/opt/eclipse2018-12/eclipse/plugins/org.junit.jupiter.params_5.3.1.v20181005-1442.jar:/opt/eclipse2018-12/eclipse/plugins/org.junit.platform.commons_1.3.1.v20181005-1442.jar:/opt/eclipse2018-12/eclipse/plugins/org.junit.platform.engine_1.3.1.v20181005-1442.jar:/opt/eclipse2018-12/eclipse/plugins/org.junit.platform.launcher_1.3.1.v20181005-1442.jar:/opt/eclipse2018-12/eclipse/plugins/org.junit.platform.runner_1.3.1.v20181005-1442.jar:/opt/eclipse2018-12/eclipse/plugins/org.junit.platform.suite.api_1.3.1.v20181005-1442.jar:/opt/eclipse2018-12/eclipse/plugins/org.junit.vintage.engine_5.3.1.v20181005-1442.jar:/opt/eclipse2018-12/eclipse/plugins/org.opentest4j_1.1.1.v20181005-1442.jar:/opt/eclipse2018-12/eclipse/plugins/org.apiguardian_1.0.0.v20181005-1442.jar:/opt/eclipse2018-12/eclipse/plugins/org.junit_4.12.0.v201504281640/junit.jar:/opt/eclipse2018-12/eclipse/plugins/org.hamcrest.core_1.3.0.v20180420-1519.jar:/home/kureryut/.eclipse/org.eclipse.platform_4.10.0_133206171_linux_gtk_x86_64/configuration/org.eclipse.osgi/215/0/.cp:/home/kureryut/.eclipse/org.eclipse.platform_4.10.0_133206171_linux_gtk_x86_64/configuration/org.eclipse.osgi/213/0/.cp
Launcher Type: SUN_STANDARD

[Global flags]
     intx CICompilerCount                          = 3                                         {product} {ergonomic}
     uint ConcGCThreads                            = 1                                         {product} {ergonomic}
     uint G1ConcRefinementThreads                  = 4                                         {product} {ergonomic}
   size_t G1HeapRegionSize                         = 1048576                                   {product} {ergonomic}
    uintx GCDrainStackTargetSize                   = 64                                        {product} {ergonomic}
   size_t InitialHeapSize                          = 130023424                                 {product} {ergonomic}
   size_t MarkStackSize                            = 4194304                                   {product} {ergonomic}
   size_t MaxHeapSize                              = 2074083328                                {product} {ergonomic}
   size_t MaxNewSize                               = 1243611136                                {product} {ergonomic}
   size_t MinHeapDeltaBytes                        = 1048576                                   {product} {ergonomic}
    uintx NonNMethodCodeHeapSize                   = 5830092                                {pd product} {ergonomic}
    uintx NonProfiledCodeHeapSize                  = 122914074                              {pd product} {ergonomic}
    uintx ProfiledCodeHeapSize                     = 122914074                              {pd product} {ergonomic}
    uintx ReservedCodeCacheSize                    = 251658240                              {pd product} {ergonomic}
     bool SegmentedCodeCache                       = true                                      {product} {ergonomic}
     bool UseCompressedClassPointers               = true                                 {lp64_product} {ergonomic}
     bool UseCompressedOops                        = true                                 {lp64_product} {ergonomic}
     bool UseG1GC                                  = true                                      {product} {ergonomic}

Logging:
Log output configuration:
 #0: stdout all=warning uptime,level,tags
 #1: stderr all=off uptime,level,tags

Environment Variables:
PATH=/usr/local/bin:/usr/bin:/bin:/usr/local/games:/usr/games
SHELL=/bin/bash
DISPLAY=:0.0

Signal Handlers:
SIGSEGV: [libjvm.so+0xe5ac10], sa_mask[0]=11111111011111111101111111111110, sa_flags=SA_RESTART|SA_SIGINFO
SIGBUS: [libjvm.so+0xe5ac10], sa_mask[0]=11111111011111111101111111111110, sa_flags=SA_RESTART|SA_SIGINFO
SIGFPE: [libjvm.so+0xe5ac10], sa_mask[0]=11111111011111111101111111111110, sa_flags=SA_RESTART|SA_SIGINFO
SIGPIPE: [libjvm.so+0xc30d00], sa_mask[0]=11111111011111111101111111111110, sa_flags=SA_RESTART|SA_SIGINFO
SIGXFSZ: [libjvm.so+0xc30d00], sa_mask[0]=11111111011111111101111111111110, sa_flags=SA_RESTART|SA_SIGINFO
SIGILL: [libjvm.so+0xe5ac10], sa_mask[0]=11111111011111111101111111111110, sa_flags=SA_RESTART|SA_SIGINFO
SIGUSR2: [libjvm.so+0xc30ba0], sa_mask[0]=00100000000000000000000000000000, sa_flags=SA_RESTART|SA_SIGINFO
SIGHUP: [libjvm.so+0xc30f00], sa_mask[0]=11111111011111111101111111111110, sa_flags=SA_RESTART|SA_SIGINFO
SIGINT: [libjvm.so+0xc30f00], sa_mask[0]=11111111011111111101111111111110, sa_flags=SA_RESTART|SA_SIGINFO
SIGTERM: [libjvm.so+0xc30f00], sa_mask[0]=11111111011111111101111111111110, sa_flags=SA_RESTART|SA_SIGINFO
SIGQUIT: [libjvm.so+0xc30f00], sa_mask[0]=11111111011111111101111111111110, sa_flags=SA_RESTART|SA_SIGINFO


---------------  S Y S T E M  ---------------

OS:PRETTY_NAME="Debian GNU/Linux 9 (stretch)"
NAME="Debian GNU/Linux"
VERSION_ID="9"
VERSION="9 (stretch)"
ID=debian
HOME_URL="https://www.debian.org/"
SUPPORT_URL="https://www.debian.org/support"
BUG_REPORT_URL="https://bugs.debian.org/"
uname:Linux 4.9.0-8-amd64 #1 SMP Debian 4.9.110-3+deb9u6 (2018-10-08) x86_64
libc:glibc 2.24 NPTL 2.24 
rlimit: STACK 8192k, CORE 0k, NPROC 31549, NOFILE 1048576, AS infinity, DATA infinity, FSIZE infinity
load average:0.62 0.32 0.21

/proc/meminfo:
MemTotal:        8099176 kB
MemFree:          939716 kB
MemAvailable:    5739456 kB
Buffers:          215552 kB
Cached:          4705632 kB
SwapCached:            0 kB
Active:          4366160 kB
Inactive:        2414712 kB
Active(anon):    1855984 kB
Inactive(anon):    72348 kB
Active(file):    2510176 kB
Inactive(file):  2342364 kB
Unevictable:         128 kB
Mlocked:             128 kB
SwapTotal:       8307504 kB
SwapFree:        8307504 kB
Dirty:                12 kB
Writeback:             0 kB
AnonPages:       1860060 kB
Mapped:           362656 kB
Shmem:             68480 kB
Slab:             288912 kB
SReclaimable:     251396 kB
SUnreclaim:        37516 kB
KernelStack:        9096 kB
PageTables:        28380 kB
NFS_Unstable:          0 kB
Bounce:                0 kB
WritebackTmp:          0 kB
CommitLimit:    12357092 kB
Committed_AS:    4575852 kB
VmallocTotal:   34359738367 kB
VmallocUsed:           0 kB
VmallocChunk:          0 kB
HardwareCorrupted:     0 kB
AnonHugePages:         0 kB
ShmemHugePages:        0 kB
ShmemPmdMapped:        0 kB
HugePages_Total:       0
HugePages_Free:        0
HugePages_Rsvd:        0
HugePages_Surp:        0
Hugepagesize:       2048 kB
DirectMap4k:      214696 kB
DirectMap2M:     7045120 kB
DirectMap1G:     1048576 kB


/proc/sys/kernel/threads-max (system-wide limit on the number of threads):
63098


/proc/sys/vm/max_map_count (maximum number of memory map areas a process may have):
65530


/proc/sys/kernel/pid_max (system-wide limit on number of process identifiers):
32768


container (cgroup) information:
container_type: cgroupv1
cpu_cpuset_cpus: 0-3
cpu_memory_nodes: 0
active_processor_count: 4
cpu_quota: -1
cpu_period: 100000
cpu_shares: -1
memory_limit_in_bytes: -1
memory_and_swap_limit_in_bytes: -2
memory_soft_limit_in_bytes: -1
memory_usage_in_bytes: 3798265856
memory_max_usage_in_bytes: 4637192192


CPU:total 4 (initial active 4) (4 cores per cpu, 1 threads per core) family 6 model 94 stepping 3, cmov, cx8, fxsr, mmx, sse, sse2, sse3, ssse3, sse4.1, sse4.2, popcnt, avx, avx2, aes, clmul, erms, rtm, 3dnowpref, lzcnt, tsc, tscinvbit, bmi1, bmi2, adx, fma
CPU Model and flags from /proc/cpuinfo:
model name	: Intel(R) Core(TM) i5-6600 CPU @ 3.30GHz
flags		: fpu vme de pse tsc msr pae mce cx8 apic sep mtrr pge mca cmov pat pse36 clflush dts acpi mmx fxsr sse sse2 ss ht tm pbe syscall nx pdpe1gb rdtscp lm constant_tsc art arch_perfmon pebs bts rep_good nopl xtopology nonstop_tsc aperfmperf pni pclmulqdq dtes64 monitor ds_cpl vmx smx est tm2 ssse3 sdbg fma cx16 xtpr pdcm pcid sse4_1 sse4_2 x2apic movbe popcnt tsc_deadline_timer aes xsave avx f16c rdrand lahf_lm abm 3dnowprefetch epb invpcid_single kaiser tpr_shadow vnmi flexpriority ept vpid fsgsbase tsc_adjust bmi1 hle avx2 smep bmi2 erms invpcid rtm mpx rdseed adx smap clflushopt intel_pt xsaveopt xsavec xgetbv1 xsaves dtherm ida arat pln pts hwp hwp_notify hwp_act_window hwp_epp

Memory: 4k page, physical 8099176k(939716k free), swap 8307504k(8307504k free)

vm_info: Java HotSpot(TM) 64-Bit Server VM (11.0.1+13-LTS) for linux-amd64 JRE (11.0.1+13-LTS), built on Oct  6 2018 05:13:05 by "mach5one" with gcc 7.3.0

END.
